CRITICAL - 2024-03-03 13:18:19 --> CodeIgniter\Exceptions\FrameworkException: The framework needs the following extension(s) installed and loaded: intl.
in SYSTEMPATH\CodeIgniter.php on line 252.
 1 SYSTEMPATH\CodeIgniter.php(252): CodeIgniter\Exceptions\FrameworkException::forMissingExtension('intl')
 2 SYSTEMPATH\CodeIgniter.php(214): CodeIgniter\CodeIgniter->resolvePlatformExtensions()
 3 FCPATH\index.php(67): CodeIgniter\CodeIgniter->initialize()
CRITICAL - 2024-03-03 13:19:09 --> CodeIgniter\Exceptions\FrameworkException: The framework needs the following extension(s) installed and loaded: intl.
in SYSTEMPATH\CodeIgniter.php on line 252.
 1 SYSTEMPATH\CodeIgniter.php(252): CodeIgniter\Exceptions\FrameworkException::forMissingExtension('intl')
 2 SYSTEMPATH\CodeIgniter.php(214): CodeIgniter\CodeIgniter->resolvePlatformExtensions()
 3 FCPATH\index.php(67): CodeIgniter\CodeIgniter->initialize()
CRITICAL - 2024-03-03 13:19:31 --> CodeIgniter\Exceptions\FrameworkException: The framework needs the following extension(s) installed and loaded: intl.
in SYSTEMPATH\CodeIgniter.php on line 252.
 1 SYSTEMPATH\CodeIgniter.php(252): CodeIgniter\Exceptions\FrameworkException::forMissingExtension('intl')
 2 SYSTEMPATH\CodeIgniter.php(214): CodeIgniter\CodeIgniter->resolvePlatformExtensions()
 3 FCPATH\index.php(67): CodeIgniter\CodeIgniter->initialize()
CRITICAL - 2024-03-03 13:19:32 --> CodeIgniter\Exceptions\FrameworkException: The framework needs the following extension(s) installed and loaded: intl.
in SYSTEMPATH\CodeIgniter.php on line 252.
 1 SYSTEMPATH\CodeIgniter.php(252): CodeIgniter\Exceptions\FrameworkException::forMissingExtension('intl')
 2 SYSTEMPATH\CodeIgniter.php(214): CodeIgniter\CodeIgniter->resolvePlatformExtensions()
 3 FCPATH\index.php(67): CodeIgniter\CodeIgniter->initialize()
CRITICAL - 2024-03-03 13:19:44 --> CodeIgniter\Exceptions\FrameworkException: The framework needs the following extension(s) installed and loaded: intl.
in SYSTEMPATH\CodeIgniter.php on line 252.
 1 SYSTEMPATH\CodeIgniter.php(252): CodeIgniter\Exceptions\FrameworkException::forMissingExtension('intl')
 2 SYSTEMPATH\CodeIgniter.php(214): CodeIgniter\CodeIgniter->resolvePlatformExtensions()
 3 FCPATH\index.php(67): CodeIgniter\CodeIgniter->initialize()
CRITICAL - 2024-03-03 13:21:34 --> CodeIgniter\Exceptions\FrameworkException: The framework needs the following extension(s) installed and loaded: intl.
in SYSTEMPATH\CodeIgniter.php on line 252.
 1 SYSTEMPATH\CodeIgniter.php(252): CodeIgniter\Exceptions\FrameworkException::forMissingExtension('intl')
 2 SYSTEMPATH\CodeIgniter.php(214): CodeIgniter\CodeIgniter->resolvePlatformExtensions()
 3 FCPATH\index.php(67): CodeIgniter\CodeIgniter->initialize()
CRITICAL - 2024-03-03 13:21:35 --> CodeIgniter\Exceptions\FrameworkException: The framework needs the following extension(s) installed and loaded: intl.
in SYSTEMPATH\CodeIgniter.php on line 252.
 1 SYSTEMPATH\CodeIgniter.php(252): CodeIgniter\Exceptions\FrameworkException::forMissingExtension('intl')
 2 SYSTEMPATH\CodeIgniter.php(214): CodeIgniter\CodeIgniter->resolvePlatformExtensions()
 3 FCPATH\index.php(67): CodeIgniter\CodeIgniter->initialize()
CRITICAL - 2024-03-03 13:21:36 --> CodeIgniter\Exceptions\FrameworkException: The framework needs the following extension(s) installed and loaded: intl.
in SYSTEMPATH\CodeIgniter.php on line 252.
 1 SYSTEMPATH\CodeIgniter.php(252): CodeIgniter\Exceptions\FrameworkException::forMissingExtension('intl')
 2 SYSTEMPATH\CodeIgniter.php(214): CodeIgniter\CodeIgniter->resolvePlatformExtensions()
 3 FCPATH\index.php(67): CodeIgniter\CodeIgniter->initialize()
CRITICAL - 2024-03-03 13:25:29 --> CodeIgniter\Exceptions\FrameworkException: The framework needs the following extension(s) installed and loaded: intl.
in SYSTEMPATH\CodeIgniter.php on line 252.
 1 SYSTEMPATH\CodeIgniter.php(252): CodeIgniter\Exceptions\FrameworkException::forMissingExtension('intl')
 2 SYSTEMPATH\CodeIgniter.php(214): CodeIgniter\CodeIgniter->resolvePlatformExtensions()
 3 FCPATH\index.php(67): CodeIgniter\CodeIgniter->initialize()
CRITICAL - 2024-03-03 13:26:06 --> CodeIgniter\Exceptions\FrameworkException: The framework needs the following extension(s) installed and loaded: intl.
in SYSTEMPATH\CodeIgniter.php on line 252.
 1 SYSTEMPATH\CodeIgniter.php(252): CodeIgniter\Exceptions\FrameworkException::forMissingExtension('intl')
 2 SYSTEMPATH\CodeIgniter.php(214): CodeIgniter\CodeIgniter->resolvePlatformExtensions()
 3 FCPATH\index.php(67): CodeIgniter\CodeIgniter->initialize()
CRITICAL - 2024-03-03 13:26:11 --> CodeIgniter\Exceptions\FrameworkException: The framework needs the following extension(s) installed and loaded: intl.
in SYSTEMPATH\CodeIgniter.php on line 252.
 1 SYSTEMPATH\CodeIgniter.php(252): CodeIgniter\Exceptions\FrameworkException::forMissingExtension('intl')
 2 SYSTEMPATH\CodeIgniter.php(214): CodeIgniter\CodeIgniter->resolvePlatformExtensions()
 3 FCPATH\index.php(67): CodeIgniter\CodeIgniter->initialize()
CRITICAL - 2024-03-03 14:43:38 --> ArgumentCountError: password_hash() expects at least 2 arguments, 1 given
in APPPATH\Views\Logins\adminLogin_v.php on line 13.
 1 APPPATH\Views\Logins\adminLogin_v.php(13): password_hash(Object(SensitiveParameterValue))
 2 SYSTEMPATH\View\View.php(228): include('C:\\xampp\\htdocs\\project-root\\app\\Views\\Logins\\adminLogin_v.php')
 3 SYSTEMPATH\View\View.php(231): CodeIgniter\View\View->CodeIgniter\View\{closure}()
 4 SYSTEMPATH\Common.php(1178): CodeIgniter\View\View->render('Logins/adminLogin_v.php', [], true)
 5 APPPATH\Controllers\Home.php(9): view('Logins/adminLogin_v.php')
 6 SYSTEMPATH\CodeIgniter.php(941): App\Controllers\Home->index()
 7 SYSTEMPATH\CodeIgniter.php(502): CodeIgniter\CodeIgniter->runController(Object(App\Controllers\Home))
 8 SYSTEMPATH\CodeIgniter.php(361): CodeIgniter\CodeIgniter->handleRequest(null, Object(Config\Cache), false)
 9 FCPATH\index.php(79): CodeIgniter\CodeIgniter->run()
ERROR - 2024-03-03 15:56:35 --> Error connecting to the database: ErrorException: mysqli::real_connect(): php_network_getaddresses: getaddrinfo for root failed: Bilinen bï¿½yle bir ana bilgisayar yok.  in C:\xampp\htdocs\project-root\system\Database\MySQLi\Connection.php:184
Stack trace:
#0 [internal function]: CodeIgniter\Debug\Exceptions->errorHandler(2, 'mysqli::real_co...', 'C:\\xampp\\htdocs...', 184)
#1 C:\xampp\htdocs\project-root\system\Database\MySQLi\Connection.php(184): mysqli->real_connect('root', 'localhost', Object(SensitiveParameterValue), 'database', '3306', '', 0)
#2 C:\xampp\htdocs\project-root\system\Database\BaseConnection.php(392): CodeIgniter\Database\MySQLi\Connection->connect(false)
#3 C:\xampp\htdocs\project-root\system\Database\BaseConnection.php(575): CodeIgniter\Database\BaseConnection->initialize()
#4 C:\xampp\htdocs\project-root\app\Controllers\read_forms.php(16): CodeIgniter\Database\BaseConnection->query('SELECT * FROM l...')
#5 C:\xampp\htdocs\project-root\system\CodeIgniter.php(941): App\Controllers\read_forms->read_admin()
#6 C:\xampp\htdocs\project-root\system\CodeIgniter.php(502): CodeIgniter\CodeIgniter->runController(Object(App\Controllers\read_forms))
#7 C:\xampp\htdocs\project-root\system\CodeIgniter.php(361): CodeIgniter\CodeIgniter->handleRequest(NULL, Object(Config\Cache), false)
#8 C:\xampp\htdocs\project-root\public\index.php(79): CodeIgniter\CodeIgniter->run()
#9 {main}

Next mysqli_sql_exception: php_network_getaddresses: getaddrinfo for root failed: Bilinen böyle bir ana bilgisayar yok.  in C:\xampp\htdocs\project-root\system\Database\MySQLi\Connection.php:184
Stack trace:
#0 C:\xampp\htdocs\project-root\system\Database\MySQLi\Connection.php(184): mysqli->real_connect('root', 'localhost', Object(SensitiveParameterValue), 'database', '3306', '', 0)
#1 C:\xampp\htdocs\project-root\system\Database\BaseConnection.php(392): CodeIgniter\Database\MySQLi\Connection->connect(false)
#2 C:\xampp\htdocs\project-root\system\Database\BaseConnection.php(575): CodeIgniter\Database\BaseConnection->initialize()
#3 C:\xampp\htdocs\project-root\app\Controllers\read_forms.php(16): CodeIgniter\Database\BaseConnection->query('SELECT * FROM l...')
#4 C:\xampp\htdocs\project-root\system\CodeIgniter.php(941): App\Controllers\read_forms->read_admin()
#5 C:\xampp\htdocs\project-root\system\CodeIgniter.php(502): CodeIgniter\CodeIgniter->runController(Object(App\Controllers\read_forms))
#6 C:\xampp\htdocs\project-root\system\CodeIgniter.php(361): CodeIgniter\CodeIgniter->handleRequest(NULL, Object(Config\Cache), false)
#7 C:\xampp\htdocs\project-root\public\index.php(79): CodeIgniter\CodeIgniter->run()
#8 {main}

Next CodeIgniter\Database\Exceptions\DatabaseException: php_network_getaddresses: getaddrinfo for root failed: Bilinen böyle bir ana bilgisayar yok.  in C:\xampp\htdocs\project-root\system\Database\MySQLi\Connection.php:229
Stack trace:
#0 C:\xampp\htdocs\project-root\system\Database\BaseConnection.php(392): CodeIgniter\Database\MySQLi\Connection->connect(false)
#1 C:\xampp\htdocs\project-root\system\Database\BaseConnection.php(575): CodeIgniter\Database\BaseConnection->initialize()
#2 C:\xampp\htdocs\project-root\app\Controllers\read_forms.php(16): CodeIgniter\Database\BaseConnection->query('SELECT * FROM l...')
#3 C:\xampp\htdocs\project-root\system\CodeIgniter.php(941): App\Controllers\read_forms->read_admin()
#4 C:\xampp\htdocs\project-root\system\CodeIgniter.php(502): CodeIgniter\CodeIgniter->runController(Object(App\Controllers\read_forms))
#5 C:\xampp\htdocs\project-root\system\CodeIgniter.php(361): CodeIgniter\CodeIgniter->handleRequest(NULL, Object(Config\Cache), false)
#6 C:\xampp\htdocs\project-root\public\index.php(79): CodeIgniter\CodeIgniter->run()
#7 {main}
CRITICAL - 2024-03-03 15:56:35 --> CodeIgniter\Database\Exceptions\DatabaseException: Unable to connect to the database.
Main connection [MySQLi]: php_network_getaddresses: getaddrinfo for root failed: Bilinen böyle bir ana bilgisayar yok. 
in SYSTEMPATH\Database\BaseConnection.php on line 428.
 1 SYSTEMPATH\Database\BaseConnection.php(575): CodeIgniter\Database\BaseConnection->initialize()
 2 APPPATH\Controllers\read_forms.php(16): CodeIgniter\Database\BaseConnection->query('SELECT * FROM library.admins')
 3 SYSTEMPATH\CodeIgniter.php(941): App\Controllers\read_forms->read_admin()
 4 SYSTEMPATH\CodeIgniter.php(502): CodeIgniter\CodeIgniter->runController(Object(App\Controllers\read_forms))
 5 SYSTEMPATH\CodeIgniter.php(361): CodeIgniter\CodeIgniter->handleRequest(null, Object(Config\Cache), false)
 6 FCPATH\index.php(79): CodeIgniter\CodeIgniter->run()
ERROR - 2024-03-03 15:59:07 --> Error connecting to the database: ErrorException: mysqli::real_connect(): php_network_getaddresses: getaddrinfo for root failed: Bilinen bï¿½yle bir ana bilgisayar yok.  in C:\xampp\htdocs\project-root\system\Database\MySQLi\Connection.php:184
Stack trace:
#0 [internal function]: CodeIgniter\Debug\Exceptions->errorHandler(2, 'mysqli::real_co...', 'C:\\xampp\\htdocs...', 184)
#1 C:\xampp\htdocs\project-root\system\Database\MySQLi\Connection.php(184): mysqli->real_connect('root', 'localhost', Object(SensitiveParameterValue), 'database', '3306', '', 0)
#2 C:\xampp\htdocs\project-root\system\Database\BaseConnection.php(392): CodeIgniter\Database\MySQLi\Connection->connect(false)
#3 C:\xampp\htdocs\project-root\system\Database\BaseConnection.php(575): CodeIgniter\Database\BaseConnection->initialize()
#4 C:\xampp\htdocs\project-root\app\Controllers\read_forms.php(16): CodeIgniter\Database\BaseConnection->query('SELECT * FROM a...')
#5 C:\xampp\htdocs\project-root\system\CodeIgniter.php(941): App\Controllers\read_forms->read_admin()
#6 C:\xampp\htdocs\project-root\system\CodeIgniter.php(502): CodeIgniter\CodeIgniter->runController(Object(App\Controllers\read_forms))
#7 C:\xampp\htdocs\project-root\system\CodeIgniter.php(361): CodeIgniter\CodeIgniter->handleRequest(NULL, Object(Config\Cache), false)
#8 C:\xampp\htdocs\project-root\public\index.php(79): CodeIgniter\CodeIgniter->run()
#9 {main}

Next mysqli_sql_exception: php_network_getaddresses: getaddrinfo for root failed: Bilinen böyle bir ana bilgisayar yok.  in C:\xampp\htdocs\project-root\system\Database\MySQLi\Connection.php:184
Stack trace:
#0 C:\xampp\htdocs\project-root\system\Database\MySQLi\Connection.php(184): mysqli->real_connect('root', 'localhost', Object(SensitiveParameterValue), 'database', '3306', '', 0)
#1 C:\xampp\htdocs\project-root\system\Database\BaseConnection.php(392): CodeIgniter\Database\MySQLi\Connection->connect(false)
#2 C:\xampp\htdocs\project-root\system\Database\BaseConnection.php(575): CodeIgniter\Database\BaseConnection->initialize()
#3 C:\xampp\htdocs\project-root\app\Controllers\read_forms.php(16): CodeIgniter\Database\BaseConnection->query('SELECT * FROM a...')
#4 C:\xampp\htdocs\project-root\system\CodeIgniter.php(941): App\Controllers\read_forms->read_admin()
#5 C:\xampp\htdocs\project-root\system\CodeIgniter.php(502): CodeIgniter\CodeIgniter->runController(Object(App\Controllers\read_forms))
#6 C:\xampp\htdocs\project-root\system\CodeIgniter.php(361): CodeIgniter\CodeIgniter->handleRequest(NULL, Object(Config\Cache), false)
#7 C:\xampp\htdocs\project-root\public\index.php(79): CodeIgniter\CodeIgniter->run()
#8 {main}

Next CodeIgniter\Database\Exceptions\DatabaseException: php_network_getaddresses: getaddrinfo for root failed: Bilinen böyle bir ana bilgisayar yok.  in C:\xampp\htdocs\project-root\system\Database\MySQLi\Connection.php:229
Stack trace:
#0 C:\xampp\htdocs\project-root\system\Database\BaseConnection.php(392): CodeIgniter\Database\MySQLi\Connection->connect(false)
#1 C:\xampp\htdocs\project-root\system\Database\BaseConnection.php(575): CodeIgniter\Database\BaseConnection->initialize()
#2 C:\xampp\htdocs\project-root\app\Controllers\read_forms.php(16): CodeIgniter\Database\BaseConnection->query('SELECT * FROM a...')
#3 C:\xampp\htdocs\project-root\system\CodeIgniter.php(941): App\Controllers\read_forms->read_admin()
#4 C:\xampp\htdocs\project-root\system\CodeIgniter.php(502): CodeIgniter\CodeIgniter->runController(Object(App\Controllers\read_forms))
#5 C:\xampp\htdocs\project-root\system\CodeIgniter.php(361): CodeIgniter\CodeIgniter->handleRequest(NULL, Object(Config\Cache), false)
#6 C:\xampp\htdocs\project-root\public\index.php(79): CodeIgniter\CodeIgniter->run()
#7 {main}
CRITICAL - 2024-03-03 15:59:07 --> CodeIgniter\Database\Exceptions\DatabaseException: Unable to connect to the database.
Main connection [MySQLi]: php_network_getaddresses: getaddrinfo for root failed: Bilinen böyle bir ana bilgisayar yok. 
in SYSTEMPATH\Database\BaseConnection.php on line 428.
 1 SYSTEMPATH\Database\BaseConnection.php(575): CodeIgniter\Database\BaseConnection->initialize()
 2 APPPATH\Controllers\read_forms.php(16): CodeIgniter\Database\BaseConnection->query('SELECT * FROM admins')
 3 SYSTEMPATH\CodeIgniter.php(941): App\Controllers\read_forms->read_admin()
 4 SYSTEMPATH\CodeIgniter.php(502): CodeIgniter\CodeIgniter->runController(Object(App\Controllers\read_forms))
 5 SYSTEMPATH\CodeIgniter.php(361): CodeIgniter\CodeIgniter->handleRequest(null, Object(Config\Cache), false)
 6 FCPATH\index.php(79): CodeIgniter\CodeIgniter->run()
ERROR - 2024-03-03 16:52:31 --> Error connecting to the database: ErrorException: mysqli::real_connect(): php_network_getaddresses: getaddrinfo for root failed: Bilinen bï¿½yle bir ana bilgisayar yok.  in C:\xampp\htdocs\project-root\system\Database\MySQLi\Connection.php:184
Stack trace:
#0 [internal function]: CodeIgniter\Debug\Exceptions->errorHandler(2, 'mysqli::real_co...', 'C:\\xampp\\htdocs...', 184)
#1 C:\xampp\htdocs\project-root\system\Database\MySQLi\Connection.php(184): mysqli->real_connect('root', 'localhost', Object(SensitiveParameterValue), 'database', '3306', '', 0)
#2 C:\xampp\htdocs\project-root\system\Database\BaseConnection.php(392): CodeIgniter\Database\MySQLi\Connection->connect(false)
#3 C:\xampp\htdocs\project-root\system\Database\BaseConnection.php(575): CodeIgniter\Database\BaseConnection->initialize()
#4 C:\xampp\htdocs\project-root\app\Controllers\read_forms.php(16): CodeIgniter\Database\BaseConnection->query('SELECT * FROM a...')
#5 C:\xampp\htdocs\project-root\system\CodeIgniter.php(941): App\Controllers\read_forms->read_admin()
#6 C:\xampp\htdocs\project-root\system\CodeIgniter.php(502): CodeIgniter\CodeIgniter->runController(Object(App\Controllers\read_forms))
#7 C:\xampp\htdocs\project-root\system\CodeIgniter.php(361): CodeIgniter\CodeIgniter->handleRequest(NULL, Object(Config\Cache), false)
#8 C:\xampp\htdocs\project-root\public\index.php(79): CodeIgniter\CodeIgniter->run()
#9 {main}

Next mysqli_sql_exception: php_network_getaddresses: getaddrinfo for root failed: Bilinen böyle bir ana bilgisayar yok.  in C:\xampp\htdocs\project-root\system\Database\MySQLi\Connection.php:184
Stack trace:
#0 C:\xampp\htdocs\project-root\system\Database\MySQLi\Connection.php(184): mysqli->real_connect('root', 'localhost', Object(SensitiveParameterValue), 'database', '3306', '', 0)
#1 C:\xampp\htdocs\project-root\system\Database\BaseConnection.php(392): CodeIgniter\Database\MySQLi\Connection->connect(false)
#2 C:\xampp\htdocs\project-root\system\Database\BaseConnection.php(575): CodeIgniter\Database\BaseConnection->initialize()
#3 C:\xampp\htdocs\project-root\app\Controllers\read_forms.php(16): CodeIgniter\Database\BaseConnection->query('SELECT * FROM a...')
#4 C:\xampp\htdocs\project-root\system\CodeIgniter.php(941): App\Controllers\read_forms->read_admin()
#5 C:\xampp\htdocs\project-root\system\CodeIgniter.php(502): CodeIgniter\CodeIgniter->runController(Object(App\Controllers\read_forms))
#6 C:\xampp\htdocs\project-root\system\CodeIgniter.php(361): CodeIgniter\CodeIgniter->handleRequest(NULL, Object(Config\Cache), false)
#7 C:\xampp\htdocs\project-root\public\index.php(79): CodeIgniter\CodeIgniter->run()
#8 {main}

Next CodeIgniter\Database\Exceptions\DatabaseException: php_network_getaddresses: getaddrinfo for root failed: Bilinen böyle bir ana bilgisayar yok.  in C:\xampp\htdocs\project-root\system\Database\MySQLi\Connection.php:229
Stack trace:
#0 C:\xampp\htdocs\project-root\system\Database\BaseConnection.php(392): CodeIgniter\Database\MySQLi\Connection->connect(false)
#1 C:\xampp\htdocs\project-root\system\Database\BaseConnection.php(575): CodeIgniter\Database\BaseConnection->initialize()
#2 C:\xampp\htdocs\project-root\app\Controllers\read_forms.php(16): CodeIgniter\Database\BaseConnection->query('SELECT * FROM a...')
#3 C:\xampp\htdocs\project-root\system\CodeIgniter.php(941): App\Controllers\read_forms->read_admin()
#4 C:\xampp\htdocs\project-root\system\CodeIgniter.php(502): CodeIgniter\CodeIgniter->runController(Object(App\Controllers\read_forms))
#5 C:\xampp\htdocs\project-root\system\CodeIgniter.php(361): CodeIgniter\CodeIgniter->handleRequest(NULL, Object(Config\Cache), false)
#6 C:\xampp\htdocs\project-root\public\index.php(79): CodeIgniter\CodeIgniter->run()
#7 {main}
CRITICAL - 2024-03-03 16:52:31 --> CodeIgniter\Database\Exceptions\DatabaseException: Unable to connect to the database.
Main connection [MySQLi]: php_network_getaddresses: getaddrinfo for root failed: Bilinen böyle bir ana bilgisayar yok. 
in SYSTEMPATH\Database\BaseConnection.php on line 428.
 1 SYSTEMPATH\Database\BaseConnection.php(575): CodeIgniter\Database\BaseConnection->initialize()
 2 APPPATH\Controllers\read_forms.php(16): CodeIgniter\Database\BaseConnection->query('SELECT * FROM admins')
 3 SYSTEMPATH\CodeIgniter.php(941): App\Controllers\read_forms->read_admin()
 4 SYSTEMPATH\CodeIgniter.php(502): CodeIgniter\CodeIgniter->runController(Object(App\Controllers\read_forms))
 5 SYSTEMPATH\CodeIgniter.php(361): CodeIgniter\CodeIgniter->handleRequest(null, Object(Config\Cache), false)
 6 FCPATH\index.php(79): CodeIgniter\CodeIgniter->run()
ERROR - 2024-03-03 16:53:05 --> Error connecting to the database: ErrorException: mysqli::real_connect(): php_network_getaddresses: getaddrinfo for root failed: Bilinen bï¿½yle bir ana bilgisayar yok.  in C:\xampp\htdocs\project-root\system\Database\MySQLi\Connection.php:184
Stack trace:
#0 [internal function]: CodeIgniter\Debug\Exceptions->errorHandler(2, 'mysqli::real_co...', 'C:\\xampp\\htdocs...', 184)
#1 C:\xampp\htdocs\project-root\system\Database\MySQLi\Connection.php(184): mysqli->real_connect('root', 'localhost', Object(SensitiveParameterValue), 'database', '3306', '', 0)
#2 C:\xampp\htdocs\project-root\system\Database\BaseConnection.php(392): CodeIgniter\Database\MySQLi\Connection->connect(false)
#3 C:\xampp\htdocs\project-root\system\Database\BaseConnection.php(575): CodeIgniter\Database\BaseConnection->initialize()
#4 C:\xampp\htdocs\project-root\app\Controllers\read_forms.php(16): CodeIgniter\Database\BaseConnection->query('SELECT * FROM a...')
#5 C:\xampp\htdocs\project-root\system\CodeIgniter.php(941): App\Controllers\read_forms->read_admin()
#6 C:\xampp\htdocs\project-root\system\CodeIgniter.php(502): CodeIgniter\CodeIgniter->runController(Object(App\Controllers\read_forms))
#7 C:\xampp\htdocs\project-root\system\CodeIgniter.php(361): CodeIgniter\CodeIgniter->handleRequest(NULL, Object(Config\Cache), false)
#8 C:\xampp\htdocs\project-root\public\index.php(79): CodeIgniter\CodeIgniter->run()
#9 {main}

Next mysqli_sql_exception: php_network_getaddresses: getaddrinfo for root failed: Bilinen böyle bir ana bilgisayar yok.  in C:\xampp\htdocs\project-root\system\Database\MySQLi\Connection.php:184
Stack trace:
#0 C:\xampp\htdocs\project-root\system\Database\MySQLi\Connection.php(184): mysqli->real_connect('root', 'localhost', Object(SensitiveParameterValue), 'database', '3306', '', 0)
#1 C:\xampp\htdocs\project-root\system\Database\BaseConnection.php(392): CodeIgniter\Database\MySQLi\Connection->connect(false)
#2 C:\xampp\htdocs\project-root\system\Database\BaseConnection.php(575): CodeIgniter\Database\BaseConnection->initialize()
#3 C:\xampp\htdocs\project-root\app\Controllers\read_forms.php(16): CodeIgniter\Database\BaseConnection->query('SELECT * FROM a...')
#4 C:\xampp\htdocs\project-root\system\CodeIgniter.php(941): App\Controllers\read_forms->read_admin()
#5 C:\xampp\htdocs\project-root\system\CodeIgniter.php(502): CodeIgniter\CodeIgniter->runController(Object(App\Controllers\read_forms))
#6 C:\xampp\htdocs\project-root\system\CodeIgniter.php(361): CodeIgniter\CodeIgniter->handleRequest(NULL, Object(Config\Cache), false)
#7 C:\xampp\htdocs\project-root\public\index.php(79): CodeIgniter\CodeIgniter->run()
#8 {main}

Next CodeIgniter\Database\Exceptions\DatabaseException: php_network_getaddresses: getaddrinfo for root failed: Bilinen böyle bir ana bilgisayar yok.  in C:\xampp\htdocs\project-root\system\Database\MySQLi\Connection.php:229
Stack trace:
#0 C:\xampp\htdocs\project-root\system\Database\BaseConnection.php(392): CodeIgniter\Database\MySQLi\Connection->connect(false)
#1 C:\xampp\htdocs\project-root\system\Database\BaseConnection.php(575): CodeIgniter\Database\BaseConnection->initialize()
#2 C:\xampp\htdocs\project-root\app\Controllers\read_forms.php(16): CodeIgniter\Database\BaseConnection->query('SELECT * FROM a...')
#3 C:\xampp\htdocs\project-root\system\CodeIgniter.php(941): App\Controllers\read_forms->read_admin()
#4 C:\xampp\htdocs\project-root\system\CodeIgniter.php(502): CodeIgniter\CodeIgniter->runController(Object(App\Controllers\read_forms))
#5 C:\xampp\htdocs\project-root\system\CodeIgniter.php(361): CodeIgniter\CodeIgniter->handleRequest(NULL, Object(Config\Cache), false)
#6 C:\xampp\htdocs\project-root\public\index.php(79): CodeIgniter\CodeIgniter->run()
#7 {main}
CRITICAL - 2024-03-03 16:53:05 --> CodeIgniter\Database\Exceptions\DatabaseException: Unable to connect to the database.
Main connection [MySQLi]: php_network_getaddresses: getaddrinfo for root failed: Bilinen böyle bir ana bilgisayar yok. 
in SYSTEMPATH\Database\BaseConnection.php on line 428.
 1 SYSTEMPATH\Database\BaseConnection.php(575): CodeIgniter\Database\BaseConnection->initialize()
 2 APPPATH\Controllers\read_forms.php(16): CodeIgniter\Database\BaseConnection->query('SELECT * FROM admins')
 3 SYSTEMPATH\CodeIgniter.php(941): App\Controllers\read_forms->read_admin()
 4 SYSTEMPATH\CodeIgniter.php(502): CodeIgniter\CodeIgniter->runController(Object(App\Controllers\read_forms))
 5 SYSTEMPATH\CodeIgniter.php(361): CodeIgniter\CodeIgniter->handleRequest(null, Object(Config\Cache), false)
 6 FCPATH\index.php(79): CodeIgniter\CodeIgniter->run()
ERROR - 2024-03-03 16:53:27 --> Error connecting to the database: ErrorException: mysqli::real_connect(): php_network_getaddresses: getaddrinfo for root failed: Bilinen bï¿½yle bir ana bilgisayar yok.  in C:\xampp\htdocs\project-root\system\Database\MySQLi\Connection.php:184
Stack trace:
#0 [internal function]: CodeIgniter\Debug\Exceptions->errorHandler(2, 'mysqli::real_co...', 'C:\\xampp\\htdocs...', 184)
#1 C:\xampp\htdocs\project-root\system\Database\MySQLi\Connection.php(184): mysqli->real_connect('root', 'localhost', Object(SensitiveParameterValue), 'database', '3306', '', 0)
#2 C:\xampp\htdocs\project-root\system\Database\BaseConnection.php(392): CodeIgniter\Database\MySQLi\Connection->connect(false)
#3 C:\xampp\htdocs\project-root\system\Database\BaseConnection.php(575): CodeIgniter\Database\BaseConnection->initialize()
#4 C:\xampp\htdocs\project-root\app\Controllers\read_forms.php(16): CodeIgniter\Database\BaseConnection->query('SELECT * FROM a...')
#5 C:\xampp\htdocs\project-root\system\CodeIgniter.php(941): App\Controllers\read_forms->read_admin()
#6 C:\xampp\htdocs\project-root\system\CodeIgniter.php(502): CodeIgniter\CodeIgniter->runController(Object(App\Controllers\read_forms))
#7 C:\xampp\htdocs\project-root\system\CodeIgniter.php(361): CodeIgniter\CodeIgniter->handleRequest(NULL, Object(Config\Cache), false)
#8 C:\xampp\htdocs\project-root\public\index.php(79): CodeIgniter\CodeIgniter->run()
#9 {main}

Next mysqli_sql_exception: php_network_getaddresses: getaddrinfo for root failed: Bilinen böyle bir ana bilgisayar yok.  in C:\xampp\htdocs\project-root\system\Database\MySQLi\Connection.php:184
Stack trace:
#0 C:\xampp\htdocs\project-root\system\Database\MySQLi\Connection.php(184): mysqli->real_connect('root', 'localhost', Object(SensitiveParameterValue), 'database', '3306', '', 0)
#1 C:\xampp\htdocs\project-root\system\Database\BaseConnection.php(392): CodeIgniter\Database\MySQLi\Connection->connect(false)
#2 C:\xampp\htdocs\project-root\system\Database\BaseConnection.php(575): CodeIgniter\Database\BaseConnection->initialize()
#3 C:\xampp\htdocs\project-root\app\Controllers\read_forms.php(16): CodeIgniter\Database\BaseConnection->query('SELECT * FROM a...')
#4 C:\xampp\htdocs\project-root\system\CodeIgniter.php(941): App\Controllers\read_forms->read_admin()
#5 C:\xampp\htdocs\project-root\system\CodeIgniter.php(502): CodeIgniter\CodeIgniter->runController(Object(App\Controllers\read_forms))
#6 C:\xampp\htdocs\project-root\system\CodeIgniter.php(361): CodeIgniter\CodeIgniter->handleRequest(NULL, Object(Config\Cache), false)
#7 C:\xampp\htdocs\project-root\public\index.php(79): CodeIgniter\CodeIgniter->run()
#8 {main}

Next CodeIgniter\Database\Exceptions\DatabaseException: php_network_getaddresses: getaddrinfo for root failed: Bilinen böyle bir ana bilgisayar yok.  in C:\xampp\htdocs\project-root\system\Database\MySQLi\Connection.php:229
Stack trace:
#0 C:\xampp\htdocs\project-root\system\Database\BaseConnection.php(392): CodeIgniter\Database\MySQLi\Connection->connect(false)
#1 C:\xampp\htdocs\project-root\system\Database\BaseConnection.php(575): CodeIgniter\Database\BaseConnection->initialize()
#2 C:\xampp\htdocs\project-root\app\Controllers\read_forms.php(16): CodeIgniter\Database\BaseConnection->query('SELECT * FROM a...')
#3 C:\xampp\htdocs\project-root\system\CodeIgniter.php(941): App\Controllers\read_forms->read_admin()
#4 C:\xampp\htdocs\project-root\system\CodeIgniter.php(502): CodeIgniter\CodeIgniter->runController(Object(App\Controllers\read_forms))
#5 C:\xampp\htdocs\project-root\system\CodeIgniter.php(361): CodeIgniter\CodeIgniter->handleRequest(NULL, Object(Config\Cache), false)
#6 C:\xampp\htdocs\project-root\public\index.php(79): CodeIgniter\CodeIgniter->run()
#7 {main}
CRITICAL - 2024-03-03 16:53:27 --> CodeIgniter\Database\Exceptions\DatabaseException: Unable to connect to the database.
Main connection [MySQLi]: php_network_getaddresses: getaddrinfo for root failed: Bilinen böyle bir ana bilgisayar yok. 
in SYSTEMPATH\Database\BaseConnection.php on line 428.
 1 SYSTEMPATH\Database\BaseConnection.php(575): CodeIgniter\Database\BaseConnection->initialize()
 2 APPPATH\Controllers\read_forms.php(16): CodeIgniter\Database\BaseConnection->query('SELECT * FROM admins')
 3 SYSTEMPATH\CodeIgniter.php(941): App\Controllers\read_forms->read_admin()
 4 SYSTEMPATH\CodeIgniter.php(502): CodeIgniter\CodeIgniter->runController(Object(App\Controllers\read_forms))
 5 SYSTEMPATH\CodeIgniter.php(361): CodeIgniter\CodeIgniter->handleRequest(null, Object(Config\Cache), false)
 6 FCPATH\index.php(79): CodeIgniter\CodeIgniter->run()
ERROR - 2024-03-03 16:55:27 --> Error connecting to the database: mysqli_sql_exception: Unknown database 'database' in C:\xampp\htdocs\project-root\system\Database\MySQLi\Connection.php:184
Stack trace:
#0 C:\xampp\htdocs\project-root\system\Database\MySQLi\Connection.php(184): mysqli->real_connect('localhost', 'root', Object(SensitiveParameterValue), 'database', '3306', '', 0)
#1 C:\xampp\htdocs\project-root\system\Database\BaseConnection.php(392): CodeIgniter\Database\MySQLi\Connection->connect(false)
#2 C:\xampp\htdocs\project-root\system\Database\BaseConnection.php(575): CodeIgniter\Database\BaseConnection->initialize()
#3 C:\xampp\htdocs\project-root\app\Controllers\read_forms.php(16): CodeIgniter\Database\BaseConnection->query('SELECT * FROM a...')
#4 C:\xampp\htdocs\project-root\system\CodeIgniter.php(941): App\Controllers\read_forms->read_admin()
#5 C:\xampp\htdocs\project-root\system\CodeIgniter.php(502): CodeIgniter\CodeIgniter->runController(Object(App\Controllers\read_forms))
#6 C:\xampp\htdocs\project-root\system\CodeIgniter.php(361): CodeIgniter\CodeIgniter->handleRequest(NULL, Object(Config\Cache), false)
#7 C:\xampp\htdocs\project-root\public\index.php(79): CodeIgniter\CodeIgniter->run()
#8 {main}

Next CodeIgniter\Database\Exceptions\DatabaseException: Unknown database 'database' in C:\xampp\htdocs\project-root\system\Database\MySQLi\Connection.php:229
Stack trace:
#0 C:\xampp\htdocs\project-root\system\Database\BaseConnection.php(392): CodeIgniter\Database\MySQLi\Connection->connect(false)
#1 C:\xampp\htdocs\project-root\system\Database\BaseConnection.php(575): CodeIgniter\Database\BaseConnection->initialize()
#2 C:\xampp\htdocs\project-root\app\Controllers\read_forms.php(16): CodeIgniter\Database\BaseConnection->query('SELECT * FROM a...')
#3 C:\xampp\htdocs\project-root\system\CodeIgniter.php(941): App\Controllers\read_forms->read_admin()
#4 C:\xampp\htdocs\project-root\system\CodeIgniter.php(502): CodeIgniter\CodeIgniter->runController(Object(App\Controllers\read_forms))
#5 C:\xampp\htdocs\project-root\system\CodeIgniter.php(361): CodeIgniter\CodeIgniter->handleRequest(NULL, Object(Config\Cache), false)
#6 C:\xampp\htdocs\project-root\public\index.php(79): CodeIgniter\CodeIgniter->run()
#7 {main}
CRITICAL - 2024-03-03 16:55:27 --> CodeIgniter\Database\Exceptions\DatabaseException: Unable to connect to the database.
Main connection [MySQLi]: Unknown database 'database'
in SYSTEMPATH\Database\BaseConnection.php on line 428.
 1 SYSTEMPATH\Database\BaseConnection.php(575): CodeIgniter\Database\BaseConnection->initialize()
 2 APPPATH\Controllers\read_forms.php(16): CodeIgniter\Database\BaseConnection->query('SELECT * FROM admins')
 3 SYSTEMPATH\CodeIgniter.php(941): App\Controllers\read_forms->read_admin()
 4 SYSTEMPATH\CodeIgniter.php(502): CodeIgniter\CodeIgniter->runController(Object(App\Controllers\read_forms))
 5 SYSTEMPATH\CodeIgniter.php(361): CodeIgniter\CodeIgniter->handleRequest(null, Object(Config\Cache), false)
 6 FCPATH\index.php(79): CodeIgniter\CodeIgniter->run()
ERROR - 2024-03-03 16:58:59 --> Error connecting to the database: mysqli_sql_exception: Unknown database 'database' in C:\xampp\htdocs\project-root\system\Database\MySQLi\Connection.php:184
Stack trace:
#0 C:\xampp\htdocs\project-root\system\Database\MySQLi\Connection.php(184): mysqli->real_connect('localhost', 'root', Object(SensitiveParameterValue), 'database', '3306', '', 0)
#1 C:\xampp\htdocs\project-root\system\Database\BaseConnection.php(392): CodeIgniter\Database\MySQLi\Connection->connect(false)
#2 C:\xampp\htdocs\project-root\system\Database\BaseConnection.php(575): CodeIgniter\Database\BaseConnection->initialize()
#3 C:\xampp\htdocs\project-root\app\Controllers\read_forms.php(16): CodeIgniter\Database\BaseConnection->query('SELECT * FROM a...')
#4 C:\xampp\htdocs\project-root\system\CodeIgniter.php(941): App\Controllers\read_forms->read_admin()
#5 C:\xampp\htdocs\project-root\system\CodeIgniter.php(502): CodeIgniter\CodeIgniter->runController(Object(App\Controllers\read_forms))
#6 C:\xampp\htdocs\project-root\system\CodeIgniter.php(361): CodeIgniter\CodeIgniter->handleRequest(NULL, Object(Config\Cache), false)
#7 C:\xampp\htdocs\project-root\public\index.php(79): CodeIgniter\CodeIgniter->run()
#8 {main}

Next CodeIgniter\Database\Exceptions\DatabaseException: Unknown database 'database' in C:\xampp\htdocs\project-root\system\Database\MySQLi\Connection.php:229
Stack trace:
#0 C:\xampp\htdocs\project-root\system\Database\BaseConnection.php(392): CodeIgniter\Database\MySQLi\Connection->connect(false)
#1 C:\xampp\htdocs\project-root\system\Database\BaseConnection.php(575): CodeIgniter\Database\BaseConnection->initialize()
#2 C:\xampp\htdocs\project-root\app\Controllers\read_forms.php(16): CodeIgniter\Database\BaseConnection->query('SELECT * FROM a...')
#3 C:\xampp\htdocs\project-root\system\CodeIgniter.php(941): App\Controllers\read_forms->read_admin()
#4 C:\xampp\htdocs\project-root\system\CodeIgniter.php(502): CodeIgniter\CodeIgniter->runController(Object(App\Controllers\read_forms))
#5 C:\xampp\htdocs\project-root\system\CodeIgniter.php(361): CodeIgniter\CodeIgniter->handleRequest(NULL, Object(Config\Cache), false)
#6 C:\xampp\htdocs\project-root\public\index.php(79): CodeIgniter\CodeIgniter->run()
#7 {main}
CRITICAL - 2024-03-03 16:58:59 --> CodeIgniter\Database\Exceptions\DatabaseException: Unable to connect to the database.
Main connection [MySQLi]: Unknown database 'database'
in SYSTEMPATH\Database\BaseConnection.php on line 428.
 1 SYSTEMPATH\Database\BaseConnection.php(575): CodeIgniter\Database\BaseConnection->initialize()
 2 APPPATH\Controllers\read_forms.php(16): CodeIgniter\Database\BaseConnection->query('SELECT * FROM admins')
 3 SYSTEMPATH\CodeIgniter.php(941): App\Controllers\read_forms->read_admin()
 4 SYSTEMPATH\CodeIgniter.php(502): CodeIgniter\CodeIgniter->runController(Object(App\Controllers\read_forms))
 5 SYSTEMPATH\CodeIgniter.php(361): CodeIgniter\CodeIgniter->handleRequest(null, Object(Config\Cache), false)
 6 FCPATH\index.php(79): CodeIgniter\CodeIgniter->run()
ERROR - 2024-03-03 16:59:11 --> Error connecting to the database: mysqli_sql_exception: Unknown database 'database' in C:\xampp\htdocs\project-root\system\Database\MySQLi\Connection.php:184
Stack trace:
#0 C:\xampp\htdocs\project-root\system\Database\MySQLi\Connection.php(184): mysqli->real_connect('localhost', 'root', Object(SensitiveParameterValue), 'database', '3306', '', 0)
#1 C:\xampp\htdocs\project-root\system\Database\BaseConnection.php(392): CodeIgniter\Database\MySQLi\Connection->connect(false)
#2 C:\xampp\htdocs\project-root\system\Database\BaseConnection.php(575): CodeIgniter\Database\BaseConnection->initialize()
#3 C:\xampp\htdocs\project-root\app\Controllers\read_forms.php(16): CodeIgniter\Database\BaseConnection->query('SELECT * FROM a...')
#4 C:\xampp\htdocs\project-root\system\CodeIgniter.php(941): App\Controllers\read_forms->read_admin()
#5 C:\xampp\htdocs\project-root\system\CodeIgniter.php(502): CodeIgniter\CodeIgniter->runController(Object(App\Controllers\read_forms))
#6 C:\xampp\htdocs\project-root\system\CodeIgniter.php(361): CodeIgniter\CodeIgniter->handleRequest(NULL, Object(Config\Cache), false)
#7 C:\xampp\htdocs\project-root\public\index.php(79): CodeIgniter\CodeIgniter->run()
#8 {main}

Next CodeIgniter\Database\Exceptions\DatabaseException: Unknown database 'database' in C:\xampp\htdocs\project-root\system\Database\MySQLi\Connection.php:229
Stack trace:
#0 C:\xampp\htdocs\project-root\system\Database\BaseConnection.php(392): CodeIgniter\Database\MySQLi\Connection->connect(false)
#1 C:\xampp\htdocs\project-root\system\Database\BaseConnection.php(575): CodeIgniter\Database\BaseConnection->initialize()
#2 C:\xampp\htdocs\project-root\app\Controllers\read_forms.php(16): CodeIgniter\Database\BaseConnection->query('SELECT * FROM a...')
#3 C:\xampp\htdocs\project-root\system\CodeIgniter.php(941): App\Controllers\read_forms->read_admin()
#4 C:\xampp\htdocs\project-root\system\CodeIgniter.php(502): CodeIgniter\CodeIgniter->runController(Object(App\Controllers\read_forms))
#5 C:\xampp\htdocs\project-root\system\CodeIgniter.php(361): CodeIgniter\CodeIgniter->handleRequest(NULL, Object(Config\Cache), false)
#6 C:\xampp\htdocs\project-root\public\index.php(79): CodeIgniter\CodeIgniter->run()
#7 {main}
CRITICAL - 2024-03-03 16:59:11 --> CodeIgniter\Database\Exceptions\DatabaseException: Unable to connect to the database.
Main connection [MySQLi]: Unknown database 'database'
in SYSTEMPATH\Database\BaseConnection.php on line 428.
 1 SYSTEMPATH\Database\BaseConnection.php(575): CodeIgniter\Database\BaseConnection->initialize()
 2 APPPATH\Controllers\read_forms.php(16): CodeIgniter\Database\BaseConnection->query('SELECT * FROM admins')
 3 SYSTEMPATH\CodeIgniter.php(941): App\Controllers\read_forms->read_admin()
 4 SYSTEMPATH\CodeIgniter.php(502): CodeIgniter\CodeIgniter->runController(Object(App\Controllers\read_forms))
 5 SYSTEMPATH\CodeIgniter.php(361): CodeIgniter\CodeIgniter->handleRequest(null, Object(Config\Cache), false)
 6 FCPATH\index.php(79): CodeIgniter\CodeIgniter->run()
ERROR - 2024-03-03 17:02:54 --> Error connecting to the database: mysqli_sql_exception: Unknown database 'database' in C:\xampp\htdocs\project-root\system\Database\MySQLi\Connection.php:184
Stack trace:
#0 C:\xampp\htdocs\project-root\system\Database\MySQLi\Connection.php(184): mysqli->real_connect('localhost', 'root', Object(SensitiveParameterValue), 'database', '3306', '', 0)
#1 C:\xampp\htdocs\project-root\system\Database\BaseConnection.php(392): CodeIgniter\Database\MySQLi\Connection->connect(false)
#2 C:\xampp\htdocs\project-root\system\Database\BaseConnection.php(575): CodeIgniter\Database\BaseConnection->initialize()
#3 C:\xampp\htdocs\project-root\app\Controllers\read_forms.php(16): CodeIgniter\Database\BaseConnection->query('SELECT * FROM a...')
#4 C:\xampp\htdocs\project-root\system\CodeIgniter.php(941): App\Controllers\read_forms->read_admin()
#5 C:\xampp\htdocs\project-root\system\CodeIgniter.php(502): CodeIgniter\CodeIgniter->runController(Object(App\Controllers\read_forms))
#6 C:\xampp\htdocs\project-root\system\CodeIgniter.php(361): CodeIgniter\CodeIgniter->handleRequest(NULL, Object(Config\Cache), false)
#7 C:\xampp\htdocs\project-root\public\index.php(79): CodeIgniter\CodeIgniter->run()
#8 {main}

Next CodeIgniter\Database\Exceptions\DatabaseException: Unknown database 'database' in C:\xampp\htdocs\project-root\system\Database\MySQLi\Connection.php:229
Stack trace:
#0 C:\xampp\htdocs\project-root\system\Database\BaseConnection.php(392): CodeIgniter\Database\MySQLi\Connection->connect(false)
#1 C:\xampp\htdocs\project-root\system\Database\BaseConnection.php(575): CodeIgniter\Database\BaseConnection->initialize()
#2 C:\xampp\htdocs\project-root\app\Controllers\read_forms.php(16): CodeIgniter\Database\BaseConnection->query('SELECT * FROM a...')
#3 C:\xampp\htdocs\project-root\system\CodeIgniter.php(941): App\Controllers\read_forms->read_admin()
#4 C:\xampp\htdocs\project-root\system\CodeIgniter.php(502): CodeIgniter\CodeIgniter->runController(Object(App\Controllers\read_forms))
#5 C:\xampp\htdocs\project-root\system\CodeIgniter.php(361): CodeIgniter\CodeIgniter->handleRequest(NULL, Object(Config\Cache), false)
#6 C:\xampp\htdocs\project-root\public\index.php(79): CodeIgniter\CodeIgniter->run()
#7 {main}
CRITICAL - 2024-03-03 17:02:54 --> CodeIgniter\Database\Exceptions\DatabaseException: Unable to connect to the database.
Main connection [MySQLi]: Unknown database 'database'
in SYSTEMPATH\Database\BaseConnection.php on line 428.
 1 SYSTEMPATH\Database\BaseConnection.php(575): CodeIgniter\Database\BaseConnection->initialize()
 2 APPPATH\Controllers\read_forms.php(16): CodeIgniter\Database\BaseConnection->query('SELECT * FROM admins')
 3 SYSTEMPATH\CodeIgniter.php(941): App\Controllers\read_forms->read_admin()
 4 SYSTEMPATH\CodeIgniter.php(502): CodeIgniter\CodeIgniter->runController(Object(App\Controllers\read_forms))
 5 SYSTEMPATH\CodeIgniter.php(361): CodeIgniter\CodeIgniter->handleRequest(null, Object(Config\Cache), false)
 6 FCPATH\index.php(79): CodeIgniter\CodeIgniter->run()
ERROR - 2024-03-03 18:07:52 --> Error connecting to the database: mysqli_sql_exception: Unknown database 'database' in C:\xampp\htdocs\project-root\system\Database\MySQLi\Connection.php:184
Stack trace:
#0 C:\xampp\htdocs\project-root\system\Database\MySQLi\Connection.php(184): mysqli->real_connect('localhost', 'root', Object(SensitiveParameterValue), 'database', '3306', '', 0)
#1 C:\xampp\htdocs\project-root\system\Database\BaseConnection.php(392): CodeIgniter\Database\MySQLi\Connection->connect(false)
#2 C:\xampp\htdocs\project-root\system\Database\BaseConnection.php(575): CodeIgniter\Database\BaseConnection->initialize()
#3 C:\xampp\htdocs\project-root\app\Controllers\read_forms.php(16): CodeIgniter\Database\BaseConnection->query('SELECT * FROM a...')
#4 C:\xampp\htdocs\project-root\system\CodeIgniter.php(941): App\Controllers\read_forms->read_admin()
#5 C:\xampp\htdocs\project-root\system\CodeIgniter.php(502): CodeIgniter\CodeIgniter->runController(Object(App\Controllers\read_forms))
#6 C:\xampp\htdocs\project-root\system\CodeIgniter.php(361): CodeIgniter\CodeIgniter->handleRequest(NULL, Object(Config\Cache), false)
#7 C:\xampp\htdocs\project-root\public\index.php(79): CodeIgniter\CodeIgniter->run()
#8 {main}

Next CodeIgniter\Database\Exceptions\DatabaseException: Unknown database 'database' in C:\xampp\htdocs\project-root\system\Database\MySQLi\Connection.php:229
Stack trace:
#0 C:\xampp\htdocs\project-root\system\Database\BaseConnection.php(392): CodeIgniter\Database\MySQLi\Connection->connect(false)
#1 C:\xampp\htdocs\project-root\system\Database\BaseConnection.php(575): CodeIgniter\Database\BaseConnection->initialize()
#2 C:\xampp\htdocs\project-root\app\Controllers\read_forms.php(16): CodeIgniter\Database\BaseConnection->query('SELECT * FROM a...')
#3 C:\xampp\htdocs\project-root\system\CodeIgniter.php(941): App\Controllers\read_forms->read_admin()
#4 C:\xampp\htdocs\project-root\system\CodeIgniter.php(502): CodeIgniter\CodeIgniter->runController(Object(App\Controllers\read_forms))
#5 C:\xampp\htdocs\project-root\system\CodeIgniter.php(361): CodeIgniter\CodeIgniter->handleRequest(NULL, Object(Config\Cache), false)
#6 C:\xampp\htdocs\project-root\public\index.php(79): CodeIgniter\CodeIgniter->run()
#7 {main}
CRITICAL - 2024-03-03 18:07:52 --> CodeIgniter\Database\Exceptions\DatabaseException: Unable to connect to the database.
Main connection [MySQLi]: Unknown database 'database'
in SYSTEMPATH\Database\BaseConnection.php on line 428.
 1 SYSTEMPATH\Database\BaseConnection.php(575): CodeIgniter\Database\BaseConnection->initialize()
 2 APPPATH\Controllers\read_forms.php(16): CodeIgniter\Database\BaseConnection->query('SELECT * FROM admins')
 3 SYSTEMPATH\CodeIgniter.php(941): App\Controllers\read_forms->read_admin()
 4 SYSTEMPATH\CodeIgniter.php(502): CodeIgniter\CodeIgniter->runController(Object(App\Controllers\read_forms))
 5 SYSTEMPATH\CodeIgniter.php(361): CodeIgniter\CodeIgniter->handleRequest(null, Object(Config\Cache), false)
 6 FCPATH\index.php(79): CodeIgniter\CodeIgniter->run()
ERROR - 2024-03-03 18:08:52 --> Error connecting to the database: mysqli_sql_exception: Unknown database 'database' in C:\xampp\htdocs\project-root\system\Database\MySQLi\Connection.php:184
Stack trace:
#0 C:\xampp\htdocs\project-root\system\Database\MySQLi\Connection.php(184): mysqli->real_connect('localhost', 'root', Object(SensitiveParameterValue), 'database', '3306', '', 0)
#1 C:\xampp\htdocs\project-root\system\Database\BaseConnection.php(392): CodeIgniter\Database\MySQLi\Connection->connect(false)
#2 C:\xampp\htdocs\project-root\system\Database\BaseConnection.php(575): CodeIgniter\Database\BaseConnection->initialize()
#3 C:\xampp\htdocs\project-root\app\Controllers\read_forms.php(16): CodeIgniter\Database\BaseConnection->query('SELECT * FROM a...')
#4 C:\xampp\htdocs\project-root\system\CodeIgniter.php(941): App\Controllers\read_forms->read_admin()
#5 C:\xampp\htdocs\project-root\system\CodeIgniter.php(502): CodeIgniter\CodeIgniter->runController(Object(App\Controllers\read_forms))
#6 C:\xampp\htdocs\project-root\system\CodeIgniter.php(361): CodeIgniter\CodeIgniter->handleRequest(NULL, Object(Config\Cache), false)
#7 C:\xampp\htdocs\project-root\public\index.php(79): CodeIgniter\CodeIgniter->run()
#8 {main}

Next CodeIgniter\Database\Exceptions\DatabaseException: Unknown database 'database' in C:\xampp\htdocs\project-root\system\Database\MySQLi\Connection.php:229
Stack trace:
#0 C:\xampp\htdocs\project-root\system\Database\BaseConnection.php(392): CodeIgniter\Database\MySQLi\Connection->connect(false)
#1 C:\xampp\htdocs\project-root\system\Database\BaseConnection.php(575): CodeIgniter\Database\BaseConnection->initialize()
#2 C:\xampp\htdocs\project-root\app\Controllers\read_forms.php(16): CodeIgniter\Database\BaseConnection->query('SELECT * FROM a...')
#3 C:\xampp\htdocs\project-root\system\CodeIgniter.php(941): App\Controllers\read_forms->read_admin()
#4 C:\xampp\htdocs\project-root\system\CodeIgniter.php(502): CodeIgniter\CodeIgniter->runController(Object(App\Controllers\read_forms))
#5 C:\xampp\htdocs\project-root\system\CodeIgniter.php(361): CodeIgniter\CodeIgniter->handleRequest(NULL, Object(Config\Cache), false)
#6 C:\xampp\htdocs\project-root\public\index.php(79): CodeIgniter\CodeIgniter->run()
#7 {main}
CRITICAL - 2024-03-03 18:08:52 --> CodeIgniter\Database\Exceptions\DatabaseException: Unable to connect to the database.
Main connection [MySQLi]: Unknown database 'database'
in SYSTEMPATH\Database\BaseConnection.php on line 428.
 1 SYSTEMPATH\Database\BaseConnection.php(575): CodeIgniter\Database\BaseConnection->initialize()
 2 APPPATH\Controllers\read_forms.php(16): CodeIgniter\Database\BaseConnection->query('SELECT * FROM admins')
 3 SYSTEMPATH\CodeIgniter.php(941): App\Controllers\read_forms->read_admin()
 4 SYSTEMPATH\CodeIgniter.php(502): CodeIgniter\CodeIgniter->runController(Object(App\Controllers\read_forms))
 5 SYSTEMPATH\CodeIgniter.php(361): CodeIgniter\CodeIgniter->handleRequest(null, Object(Config\Cache), false)
 6 FCPATH\index.php(79): CodeIgniter\CodeIgniter->run()
ERROR - 2024-03-03 18:09:07 --> Error connecting to the database: mysqli_sql_exception: Unknown database 'database' in C:\xampp\htdocs\project-root\system\Database\MySQLi\Connection.php:184
Stack trace:
#0 C:\xampp\htdocs\project-root\system\Database\MySQLi\Connection.php(184): mysqli->real_connect('localhost', 'root', Object(SensitiveParameterValue), 'database', '3306', '', 0)
#1 C:\xampp\htdocs\project-root\system\Database\BaseConnection.php(392): CodeIgniter\Database\MySQLi\Connection->connect(false)
#2 C:\xampp\htdocs\project-root\system\Database\BaseConnection.php(575): CodeIgniter\Database\BaseConnection->initialize()
#3 C:\xampp\htdocs\project-root\app\Controllers\read_forms.php(16): CodeIgniter\Database\BaseConnection->query('SELECT * FROM a...')
#4 C:\xampp\htdocs\project-root\system\CodeIgniter.php(941): App\Controllers\read_forms->read_admin()
#5 C:\xampp\htdocs\project-root\system\CodeIgniter.php(502): CodeIgniter\CodeIgniter->runController(Object(App\Controllers\read_forms))
#6 C:\xampp\htdocs\project-root\system\CodeIgniter.php(361): CodeIgniter\CodeIgniter->handleRequest(NULL, Object(Config\Cache), false)
#7 C:\xampp\htdocs\project-root\public\index.php(79): CodeIgniter\CodeIgniter->run()
#8 {main}

Next CodeIgniter\Database\Exceptions\DatabaseException: Unknown database 'database' in C:\xampp\htdocs\project-root\system\Database\MySQLi\Connection.php:229
Stack trace:
#0 C:\xampp\htdocs\project-root\system\Database\BaseConnection.php(392): CodeIgniter\Database\MySQLi\Connection->connect(false)
#1 C:\xampp\htdocs\project-root\system\Database\BaseConnection.php(575): CodeIgniter\Database\BaseConnection->initialize()
#2 C:\xampp\htdocs\project-root\app\Controllers\read_forms.php(16): CodeIgniter\Database\BaseConnection->query('SELECT * FROM a...')
#3 C:\xampp\htdocs\project-root\system\CodeIgniter.php(941): App\Controllers\read_forms->read_admin()
#4 C:\xampp\htdocs\project-root\system\CodeIgniter.php(502): CodeIgniter\CodeIgniter->runController(Object(App\Controllers\read_forms))
#5 C:\xampp\htdocs\project-root\system\CodeIgniter.php(361): CodeIgniter\CodeIgniter->handleRequest(NULL, Object(Config\Cache), false)
#6 C:\xampp\htdocs\project-root\public\index.php(79): CodeIgniter\CodeIgniter->run()
#7 {main}
CRITICAL - 2024-03-03 18:09:07 --> CodeIgniter\Database\Exceptions\DatabaseException: Unable to connect to the database.
Main connection [MySQLi]: Unknown database 'database'
in SYSTEMPATH\Database\BaseConnection.php on line 428.
 1 SYSTEMPATH\Database\BaseConnection.php(575): CodeIgniter\Database\BaseConnection->initialize()
 2 APPPATH\Controllers\read_forms.php(16): CodeIgniter\Database\BaseConnection->query('SELECT * FROM admins')
 3 SYSTEMPATH\CodeIgniter.php(941): App\Controllers\read_forms->read_admin()
 4 SYSTEMPATH\CodeIgniter.php(502): CodeIgniter\CodeIgniter->runController(Object(App\Controllers\read_forms))
 5 SYSTEMPATH\CodeIgniter.php(361): CodeIgniter\CodeIgniter->handleRequest(null, Object(Config\Cache), false)
 6 FCPATH\index.php(79): CodeIgniter\CodeIgniter->run()
ERROR - 2024-03-03 18:09:42 --> Error connecting to the database: mysqli_sql_exception: Unknown database 'database' in C:\xampp\htdocs\project-root\system\Database\MySQLi\Connection.php:184
Stack trace:
#0 C:\xampp\htdocs\project-root\system\Database\MySQLi\Connection.php(184): mysqli->real_connect('localhost', 'root', Object(SensitiveParameterValue), 'database', '3306', '', 0)
#1 C:\xampp\htdocs\project-root\system\Database\BaseConnection.php(392): CodeIgniter\Database\MySQLi\Connection->connect(false)
#2 C:\xampp\htdocs\project-root\system\Database\BaseConnection.php(575): CodeIgniter\Database\BaseConnection->initialize()
#3 C:\xampp\htdocs\project-root\app\Controllers\read_forms.php(16): CodeIgniter\Database\BaseConnection->query('SELECT * FROM a...')
#4 C:\xampp\htdocs\project-root\system\CodeIgniter.php(941): App\Controllers\read_forms->read_admin()
#5 C:\xampp\htdocs\project-root\system\CodeIgniter.php(502): CodeIgniter\CodeIgniter->runController(Object(App\Controllers\read_forms))
#6 C:\xampp\htdocs\project-root\system\CodeIgniter.php(361): CodeIgniter\CodeIgniter->handleRequest(NULL, Object(Config\Cache), false)
#7 C:\xampp\htdocs\project-root\public\index.php(79): CodeIgniter\CodeIgniter->run()
#8 {main}

Next CodeIgniter\Database\Exceptions\DatabaseException: Unknown database 'database' in C:\xampp\htdocs\project-root\system\Database\MySQLi\Connection.php:229
Stack trace:
#0 C:\xampp\htdocs\project-root\system\Database\BaseConnection.php(392): CodeIgniter\Database\MySQLi\Connection->connect(false)
#1 C:\xampp\htdocs\project-root\system\Database\BaseConnection.php(575): CodeIgniter\Database\BaseConnection->initialize()
#2 C:\xampp\htdocs\project-root\app\Controllers\read_forms.php(16): CodeIgniter\Database\BaseConnection->query('SELECT * FROM a...')
#3 C:\xampp\htdocs\project-root\system\CodeIgniter.php(941): App\Controllers\read_forms->read_admin()
#4 C:\xampp\htdocs\project-root\system\CodeIgniter.php(502): CodeIgniter\CodeIgniter->runController(Object(App\Controllers\read_forms))
#5 C:\xampp\htdocs\project-root\system\CodeIgniter.php(361): CodeIgniter\CodeIgniter->handleRequest(NULL, Object(Config\Cache), false)
#6 C:\xampp\htdocs\project-root\public\index.php(79): CodeIgniter\CodeIgniter->run()
#7 {main}
CRITICAL - 2024-03-03 18:09:42 --> CodeIgniter\Database\Exceptions\DatabaseException: Unable to connect to the database.
Main connection [MySQLi]: Unknown database 'database'
in SYSTEMPATH\Database\BaseConnection.php on line 428.
 1 SYSTEMPATH\Database\BaseConnection.php(575): CodeIgniter\Database\BaseConnection->initialize()
 2 APPPATH\Controllers\read_forms.php(16): CodeIgniter\Database\BaseConnection->query('SELECT * FROM admins')
 3 SYSTEMPATH\CodeIgniter.php(941): App\Controllers\read_forms->read_admin()
 4 SYSTEMPATH\CodeIgniter.php(502): CodeIgniter\CodeIgniter->runController(Object(App\Controllers\read_forms))
 5 SYSTEMPATH\CodeIgniter.php(361): CodeIgniter\CodeIgniter->handleRequest(null, Object(Config\Cache), false)
 6 FCPATH\index.php(79): CodeIgniter\CodeIgniter->run()
ERROR - 2024-03-03 18:11:01 --> Error connecting to the database: mysqli_sql_exception: Unknown database 'database' in C:\xampp\htdocs\project-root\system\Database\MySQLi\Connection.php:184
Stack trace:
#0 C:\xampp\htdocs\project-root\system\Database\MySQLi\Connection.php(184): mysqli->real_connect('localhost', 'root', Object(SensitiveParameterValue), 'database', '3306', '', 0)
#1 C:\xampp\htdocs\project-root\system\Database\BaseConnection.php(392): CodeIgniter\Database\MySQLi\Connection->connect(false)
#2 C:\xampp\htdocs\project-root\system\Database\BaseConnection.php(575): CodeIgniter\Database\BaseConnection->initialize()
#3 C:\xampp\htdocs\project-root\app\Controllers\read_forms.php(16): CodeIgniter\Database\BaseConnection->query('SELECT * FROM a...')
#4 C:\xampp\htdocs\project-root\system\CodeIgniter.php(941): App\Controllers\read_forms->read_admin()
#5 C:\xampp\htdocs\project-root\system\CodeIgniter.php(502): CodeIgniter\CodeIgniter->runController(Object(App\Controllers\read_forms))
#6 C:\xampp\htdocs\project-root\system\CodeIgniter.php(361): CodeIgniter\CodeIgniter->handleRequest(NULL, Object(Config\Cache), false)
#7 C:\xampp\htdocs\project-root\public\index.php(79): CodeIgniter\CodeIgniter->run()
#8 {main}

Next CodeIgniter\Database\Exceptions\DatabaseException: Unknown database 'database' in C:\xampp\htdocs\project-root\system\Database\MySQLi\Connection.php:229
Stack trace:
#0 C:\xampp\htdocs\project-root\system\Database\BaseConnection.php(392): CodeIgniter\Database\MySQLi\Connection->connect(false)
#1 C:\xampp\htdocs\project-root\system\Database\BaseConnection.php(575): CodeIgniter\Database\BaseConnection->initialize()
#2 C:\xampp\htdocs\project-root\app\Controllers\read_forms.php(16): CodeIgniter\Database\BaseConnection->query('SELECT * FROM a...')
#3 C:\xampp\htdocs\project-root\system\CodeIgniter.php(941): App\Controllers\read_forms->read_admin()
#4 C:\xampp\htdocs\project-root\system\CodeIgniter.php(502): CodeIgniter\CodeIgniter->runController(Object(App\Controllers\read_forms))
#5 C:\xampp\htdocs\project-root\system\CodeIgniter.php(361): CodeIgniter\CodeIgniter->handleRequest(NULL, Object(Config\Cache), false)
#6 C:\xampp\htdocs\project-root\public\index.php(79): CodeIgniter\CodeIgniter->run()
#7 {main}
CRITICAL - 2024-03-03 18:11:01 --> CodeIgniter\Database\Exceptions\DatabaseException: Unable to connect to the database.
Main connection [MySQLi]: Unknown database 'database'
in SYSTEMPATH\Database\BaseConnection.php on line 428.
 1 SYSTEMPATH\Database\BaseConnection.php(575): CodeIgniter\Database\BaseConnection->initialize()
 2 APPPATH\Controllers\read_forms.php(16): CodeIgniter\Database\BaseConnection->query('SELECT * FROM admins')
 3 SYSTEMPATH\CodeIgniter.php(941): App\Controllers\read_forms->read_admin()
 4 SYSTEMPATH\CodeIgniter.php(502): CodeIgniter\CodeIgniter->runController(Object(App\Controllers\read_forms))
 5 SYSTEMPATH\CodeIgniter.php(361): CodeIgniter\CodeIgniter->handleRequest(null, Object(Config\Cache), false)
 6 FCPATH\index.php(79): CodeIgniter\CodeIgniter->run()
ERROR - 2024-03-03 18:12:40 --> Error connecting to the database: mysqli_sql_exception: Unknown database 'database' in C:\xampp\htdocs\project-root\system\Database\MySQLi\Connection.php:184
Stack trace:
#0 C:\xampp\htdocs\project-root\system\Database\MySQLi\Connection.php(184): mysqli->real_connect('localhost', 'root', Object(SensitiveParameterValue), 'database', '3306', '', 0)
#1 C:\xampp\htdocs\project-root\system\Database\BaseConnection.php(392): CodeIgniter\Database\MySQLi\Connection->connect(false)
#2 C:\xampp\htdocs\project-root\system\Database\BaseConnection.php(575): CodeIgniter\Database\BaseConnection->initialize()
#3 C:\xampp\htdocs\project-root\app\Controllers\read_forms.php(16): CodeIgniter\Database\BaseConnection->query('SELECT * FROM a...')
#4 C:\xampp\htdocs\project-root\system\CodeIgniter.php(941): App\Controllers\read_forms->read_admin()
#5 C:\xampp\htdocs\project-root\system\CodeIgniter.php(502): CodeIgniter\CodeIgniter->runController(Object(App\Controllers\read_forms))
#6 C:\xampp\htdocs\project-root\system\CodeIgniter.php(361): CodeIgniter\CodeIgniter->handleRequest(NULL, Object(Config\Cache), false)
#7 C:\xampp\htdocs\project-root\public\index.php(79): CodeIgniter\CodeIgniter->run()
#8 {main}

Next CodeIgniter\Database\Exceptions\DatabaseException: Unknown database 'database' in C:\xampp\htdocs\project-root\system\Database\MySQLi\Connection.php:229
Stack trace:
#0 C:\xampp\htdocs\project-root\system\Database\BaseConnection.php(392): CodeIgniter\Database\MySQLi\Connection->connect(false)
#1 C:\xampp\htdocs\project-root\system\Database\BaseConnection.php(575): CodeIgniter\Database\BaseConnection->initialize()
#2 C:\xampp\htdocs\project-root\app\Controllers\read_forms.php(16): CodeIgniter\Database\BaseConnection->query('SELECT * FROM a...')
#3 C:\xampp\htdocs\project-root\system\CodeIgniter.php(941): App\Controllers\read_forms->read_admin()
#4 C:\xampp\htdocs\project-root\system\CodeIgniter.php(502): CodeIgniter\CodeIgniter->runController(Object(App\Controllers\read_forms))
#5 C:\xampp\htdocs\project-root\system\CodeIgniter.php(361): CodeIgniter\CodeIgniter->handleRequest(NULL, Object(Config\Cache), false)
#6 C:\xampp\htdocs\project-root\public\index.php(79): CodeIgniter\CodeIgniter->run()
#7 {main}
CRITICAL - 2024-03-03 18:12:40 --> CodeIgniter\Database\Exceptions\DatabaseException: Unable to connect to the database.
Main connection [MySQLi]: Unknown database 'database'
in SYSTEMPATH\Database\BaseConnection.php on line 428.
 1 SYSTEMPATH\Database\BaseConnection.php(575): CodeIgniter\Database\BaseConnection->initialize()
 2 APPPATH\Controllers\read_forms.php(16): CodeIgniter\Database\BaseConnection->query('SELECT * FROM admins')
 3 SYSTEMPATH\CodeIgniter.php(941): App\Controllers\read_forms->read_admin()
 4 SYSTEMPATH\CodeIgniter.php(502): CodeIgniter\CodeIgniter->runController(Object(App\Controllers\read_forms))
 5 SYSTEMPATH\CodeIgniter.php(361): CodeIgniter\CodeIgniter->handleRequest(null, Object(Config\Cache), false)
 6 FCPATH\index.php(79): CodeIgniter\CodeIgniter->run()
ERROR - 2024-03-03 18:13:31 --> Error connecting to the database: mysqli_sql_exception: Unknown database 'database' in C:\xampp\htdocs\project-root\system\Database\MySQLi\Connection.php:184
Stack trace:
#0 C:\xampp\htdocs\project-root\system\Database\MySQLi\Connection.php(184): mysqli->real_connect('localhost', 'root', Object(SensitiveParameterValue), 'database', '3306', '', 0)
#1 C:\xampp\htdocs\project-root\system\Database\BaseConnection.php(392): CodeIgniter\Database\MySQLi\Connection->connect(false)
#2 C:\xampp\htdocs\project-root\system\Database\BaseConnection.php(575): CodeIgniter\Database\BaseConnection->initialize()
#3 C:\xampp\htdocs\project-root\app\Controllers\read_forms.php(16): CodeIgniter\Database\BaseConnection->query('SELECT * FROM a...')
#4 C:\xampp\htdocs\project-root\system\CodeIgniter.php(941): App\Controllers\read_forms->read_admin()
#5 C:\xampp\htdocs\project-root\system\CodeIgniter.php(502): CodeIgniter\CodeIgniter->runController(Object(App\Controllers\read_forms))
#6 C:\xampp\htdocs\project-root\system\CodeIgniter.php(361): CodeIgniter\CodeIgniter->handleRequest(NULL, Object(Config\Cache), false)
#7 C:\xampp\htdocs\project-root\public\index.php(79): CodeIgniter\CodeIgniter->run()
#8 {main}

Next CodeIgniter\Database\Exceptions\DatabaseException: Unknown database 'database' in C:\xampp\htdocs\project-root\system\Database\MySQLi\Connection.php:229
Stack trace:
#0 C:\xampp\htdocs\project-root\system\Database\BaseConnection.php(392): CodeIgniter\Database\MySQLi\Connection->connect(false)
#1 C:\xampp\htdocs\project-root\system\Database\BaseConnection.php(575): CodeIgniter\Database\BaseConnection->initialize()
#2 C:\xampp\htdocs\project-root\app\Controllers\read_forms.php(16): CodeIgniter\Database\BaseConnection->query('SELECT * FROM a...')
#3 C:\xampp\htdocs\project-root\system\CodeIgniter.php(941): App\Controllers\read_forms->read_admin()
#4 C:\xampp\htdocs\project-root\system\CodeIgniter.php(502): CodeIgniter\CodeIgniter->runController(Object(App\Controllers\read_forms))
#5 C:\xampp\htdocs\project-root\system\CodeIgniter.php(361): CodeIgniter\CodeIgniter->handleRequest(NULL, Object(Config\Cache), false)
#6 C:\xampp\htdocs\project-root\public\index.php(79): CodeIgniter\CodeIgniter->run()
#7 {main}
CRITICAL - 2024-03-03 18:13:31 --> CodeIgniter\Database\Exceptions\DatabaseException: Unable to connect to the database.
Main connection [MySQLi]: Unknown database 'database'
in SYSTEMPATH\Database\BaseConnection.php on line 428.
 1 SYSTEMPATH\Database\BaseConnection.php(575): CodeIgniter\Database\BaseConnection->initialize()
 2 APPPATH\Controllers\read_forms.php(16): CodeIgniter\Database\BaseConnection->query('SELECT * FROM admins')
 3 SYSTEMPATH\CodeIgniter.php(941): App\Controllers\read_forms->read_admin()
 4 SYSTEMPATH\CodeIgniter.php(502): CodeIgniter\CodeIgniter->runController(Object(App\Controllers\read_forms))
 5 SYSTEMPATH\CodeIgniter.php(361): CodeIgniter\CodeIgniter->handleRequest(null, Object(Config\Cache), false)
 6 FCPATH\index.php(79): CodeIgniter\CodeIgniter->run()
ERROR - 2024-03-03 18:14:37 --> Error connecting to the database: mysqli_sql_exception: Unknown database 'database' in C:\xampp\htdocs\project-root\system\Database\MySQLi\Connection.php:184
Stack trace:
#0 C:\xampp\htdocs\project-root\system\Database\MySQLi\Connection.php(184): mysqli->real_connect('localhost', 'root', Object(SensitiveParameterValue), 'database', '3306', '', 0)
#1 C:\xampp\htdocs\project-root\system\Database\BaseConnection.php(392): CodeIgniter\Database\MySQLi\Connection->connect(false)
#2 C:\xampp\htdocs\project-root\system\Database\BaseConnection.php(575): CodeIgniter\Database\BaseConnection->initialize()
#3 C:\xampp\htdocs\project-root\app\Controllers\read_forms.php(16): CodeIgniter\Database\BaseConnection->query('SELECT * FROM a...')
#4 C:\xampp\htdocs\project-root\system\CodeIgniter.php(941): App\Controllers\read_forms->read_admin()
#5 C:\xampp\htdocs\project-root\system\CodeIgniter.php(502): CodeIgniter\CodeIgniter->runController(Object(App\Controllers\read_forms))
#6 C:\xampp\htdocs\project-root\system\CodeIgniter.php(361): CodeIgniter\CodeIgniter->handleRequest(NULL, Object(Config\Cache), false)
#7 C:\xampp\htdocs\project-root\public\index.php(79): CodeIgniter\CodeIgniter->run()
#8 {main}

Next CodeIgniter\Database\Exceptions\DatabaseException: Unknown database 'database' in C:\xampp\htdocs\project-root\system\Database\MySQLi\Connection.php:229
Stack trace:
#0 C:\xampp\htdocs\project-root\system\Database\BaseConnection.php(392): CodeIgniter\Database\MySQLi\Connection->connect(false)
#1 C:\xampp\htdocs\project-root\system\Database\BaseConnection.php(575): CodeIgniter\Database\BaseConnection->initialize()
#2 C:\xampp\htdocs\project-root\app\Controllers\read_forms.php(16): CodeIgniter\Database\BaseConnection->query('SELECT * FROM a...')
#3 C:\xampp\htdocs\project-root\system\CodeIgniter.php(941): App\Controllers\read_forms->read_admin()
#4 C:\xampp\htdocs\project-root\system\CodeIgniter.php(502): CodeIgniter\CodeIgniter->runController(Object(App\Controllers\read_forms))
#5 C:\xampp\htdocs\project-root\system\CodeIgniter.php(361): CodeIgniter\CodeIgniter->handleRequest(NULL, Object(Config\Cache), false)
#6 C:\xampp\htdocs\project-root\public\index.php(79): CodeIgniter\CodeIgniter->run()
#7 {main}
CRITICAL - 2024-03-03 18:14:37 --> CodeIgniter\Database\Exceptions\DatabaseException: Unable to connect to the database.
Main connection [MySQLi]: Unknown database 'database'
in SYSTEMPATH\Database\BaseConnection.php on line 428.
 1 SYSTEMPATH\Database\BaseConnection.php(575): CodeIgniter\Database\BaseConnection->initialize()
 2 APPPATH\Controllers\read_forms.php(16): CodeIgniter\Database\BaseConnection->query('SELECT * FROM admins')
 3 SYSTEMPATH\CodeIgniter.php(941): App\Controllers\read_forms->read_admin()
 4 SYSTEMPATH\CodeIgniter.php(502): CodeIgniter\CodeIgniter->runController(Object(App\Controllers\read_forms))
 5 SYSTEMPATH\CodeIgniter.php(361): CodeIgniter\CodeIgniter->handleRequest(null, Object(Config\Cache), false)
 6 FCPATH\index.php(79): CodeIgniter\CodeIgniter->run()
ERROR - 2024-03-03 18:16:46 --> Error connecting to the database: mysqli_sql_exception: Unknown database 'database' in C:\xampp\htdocs\project-root\system\Database\MySQLi\Connection.php:184
Stack trace:
#0 C:\xampp\htdocs\project-root\system\Database\MySQLi\Connection.php(184): mysqli->real_connect('localhost', 'root', Object(SensitiveParameterValue), 'database', '3306', '', 0)
#1 C:\xampp\htdocs\project-root\system\Database\BaseConnection.php(392): CodeIgniter\Database\MySQLi\Connection->connect(false)
#2 C:\xampp\htdocs\project-root\system\Database\BaseConnection.php(575): CodeIgniter\Database\BaseConnection->initialize()
#3 C:\xampp\htdocs\project-root\app\Controllers\read_forms.php(16): CodeIgniter\Database\BaseConnection->query('SELECT * FROM a...')
#4 C:\xampp\htdocs\project-root\system\CodeIgniter.php(941): App\Controllers\read_forms->read_admin()
#5 C:\xampp\htdocs\project-root\system\CodeIgniter.php(502): CodeIgniter\CodeIgniter->runController(Object(App\Controllers\read_forms))
#6 C:\xampp\htdocs\project-root\system\CodeIgniter.php(361): CodeIgniter\CodeIgniter->handleRequest(NULL, Object(Config\Cache), false)
#7 C:\xampp\htdocs\project-root\public\index.php(79): CodeIgniter\CodeIgniter->run()
#8 {main}

Next CodeIgniter\Database\Exceptions\DatabaseException: Unknown database 'database' in C:\xampp\htdocs\project-root\system\Database\MySQLi\Connection.php:229
Stack trace:
#0 C:\xampp\htdocs\project-root\system\Database\BaseConnection.php(392): CodeIgniter\Database\MySQLi\Connection->connect(false)
#1 C:\xampp\htdocs\project-root\system\Database\BaseConnection.php(575): CodeIgniter\Database\BaseConnection->initialize()
#2 C:\xampp\htdocs\project-root\app\Controllers\read_forms.php(16): CodeIgniter\Database\BaseConnection->query('SELECT * FROM a...')
#3 C:\xampp\htdocs\project-root\system\CodeIgniter.php(941): App\Controllers\read_forms->read_admin()
#4 C:\xampp\htdocs\project-root\system\CodeIgniter.php(502): CodeIgniter\CodeIgniter->runController(Object(App\Controllers\read_forms))
#5 C:\xampp\htdocs\project-root\system\CodeIgniter.php(361): CodeIgniter\CodeIgniter->handleRequest(NULL, Object(Config\Cache), false)
#6 C:\xampp\htdocs\project-root\public\index.php(79): CodeIgniter\CodeIgniter->run()
#7 {main}
CRITICAL - 2024-03-03 18:16:46 --> CodeIgniter\Database\Exceptions\DatabaseException: Unable to connect to the database.
Main connection [MySQLi]: Unknown database 'database'
in SYSTEMPATH\Database\BaseConnection.php on line 428.
 1 SYSTEMPATH\Database\BaseConnection.php(575): CodeIgniter\Database\BaseConnection->initialize()
 2 APPPATH\Controllers\read_forms.php(16): CodeIgniter\Database\BaseConnection->query('SELECT * FROM admins')
 3 SYSTEMPATH\CodeIgniter.php(941): App\Controllers\read_forms->read_admin()
 4 SYSTEMPATH\CodeIgniter.php(502): CodeIgniter\CodeIgniter->runController(Object(App\Controllers\read_forms))
 5 SYSTEMPATH\CodeIgniter.php(361): CodeIgniter\CodeIgniter->handleRequest(null, Object(Config\Cache), false)
 6 FCPATH\index.php(79): CodeIgniter\CodeIgniter->run()
ERROR - 2024-03-03 18:19:09 --> Error connecting to the database: mysqli_sql_exception: Unknown database 'database' in C:\xampp\htdocs\project-root\system\Database\MySQLi\Connection.php:184
Stack trace:
#0 C:\xampp\htdocs\project-root\system\Database\MySQLi\Connection.php(184): mysqli->real_connect('localhost', 'root', Object(SensitiveParameterValue), 'database', '3306', '', 0)
#1 C:\xampp\htdocs\project-root\system\Database\BaseConnection.php(392): CodeIgniter\Database\MySQLi\Connection->connect(false)
#2 C:\xampp\htdocs\project-root\system\Database\BaseConnection.php(575): CodeIgniter\Database\BaseConnection->initialize()
#3 C:\xampp\htdocs\project-root\app\Controllers\read_forms.php(16): CodeIgniter\Database\BaseConnection->query('SELECT * FROM l...')
#4 C:\xampp\htdocs\project-root\system\CodeIgniter.php(941): App\Controllers\read_forms->read_admin()
#5 C:\xampp\htdocs\project-root\system\CodeIgniter.php(502): CodeIgniter\CodeIgniter->runController(Object(App\Controllers\read_forms))
#6 C:\xampp\htdocs\project-root\system\CodeIgniter.php(361): CodeIgniter\CodeIgniter->handleRequest(NULL, Object(Config\Cache), false)
#7 C:\xampp\htdocs\project-root\public\index.php(79): CodeIgniter\CodeIgniter->run()
#8 {main}

Next CodeIgniter\Database\Exceptions\DatabaseException: Unknown database 'database' in C:\xampp\htdocs\project-root\system\Database\MySQLi\Connection.php:229
Stack trace:
#0 C:\xampp\htdocs\project-root\system\Database\BaseConnection.php(392): CodeIgniter\Database\MySQLi\Connection->connect(false)
#1 C:\xampp\htdocs\project-root\system\Database\BaseConnection.php(575): CodeIgniter\Database\BaseConnection->initialize()
#2 C:\xampp\htdocs\project-root\app\Controllers\read_forms.php(16): CodeIgniter\Database\BaseConnection->query('SELECT * FROM l...')
#3 C:\xampp\htdocs\project-root\system\CodeIgniter.php(941): App\Controllers\read_forms->read_admin()
#4 C:\xampp\htdocs\project-root\system\CodeIgniter.php(502): CodeIgniter\CodeIgniter->runController(Object(App\Controllers\read_forms))
#5 C:\xampp\htdocs\project-root\system\CodeIgniter.php(361): CodeIgniter\CodeIgniter->handleRequest(NULL, Object(Config\Cache), false)
#6 C:\xampp\htdocs\project-root\public\index.php(79): CodeIgniter\CodeIgniter->run()
#7 {main}
CRITICAL - 2024-03-03 18:19:09 --> CodeIgniter\Database\Exceptions\DatabaseException: Unable to connect to the database.
Main connection [MySQLi]: Unknown database 'database'
in SYSTEMPATH\Database\BaseConnection.php on line 428.
 1 SYSTEMPATH\Database\BaseConnection.php(575): CodeIgniter\Database\BaseConnection->initialize()
 2 APPPATH\Controllers\read_forms.php(16): CodeIgniter\Database\BaseConnection->query('SELECT * FROM library.admins')
 3 SYSTEMPATH\CodeIgniter.php(941): App\Controllers\read_forms->read_admin()
 4 SYSTEMPATH\CodeIgniter.php(502): CodeIgniter\CodeIgniter->runController(Object(App\Controllers\read_forms))
 5 SYSTEMPATH\CodeIgniter.php(361): CodeIgniter\CodeIgniter->handleRequest(null, Object(Config\Cache), false)
 6 FCPATH\index.php(79): CodeIgniter\CodeIgniter->run()
ERROR - 2024-03-03 18:21:29 --> Error connecting to the database: mysqli_sql_exception: Unknown database 'database' in C:\xampp\htdocs\project-root\system\Database\MySQLi\Connection.php:184
Stack trace:
#0 C:\xampp\htdocs\project-root\system\Database\MySQLi\Connection.php(184): mysqli->real_connect('localhost', 'root', Object(SensitiveParameterValue), 'database', '3306', '', 0)
#1 C:\xampp\htdocs\project-root\system\Database\BaseConnection.php(392): CodeIgniter\Database\MySQLi\Connection->connect(false)
#2 C:\xampp\htdocs\project-root\system\Database\BaseConnection.php(575): CodeIgniter\Database\BaseConnection->initialize()
#3 C:\xampp\htdocs\project-root\app\Controllers\read_forms.php(16): CodeIgniter\Database\BaseConnection->query('SELECT * FROM l...')
#4 C:\xampp\htdocs\project-root\system\CodeIgniter.php(941): App\Controllers\read_forms->read_admin()
#5 C:\xampp\htdocs\project-root\system\CodeIgniter.php(502): CodeIgniter\CodeIgniter->runController(Object(App\Controllers\read_forms))
#6 C:\xampp\htdocs\project-root\system\CodeIgniter.php(361): CodeIgniter\CodeIgniter->handleRequest(NULL, Object(Config\Cache), false)
#7 C:\xampp\htdocs\project-root\public\index.php(79): CodeIgniter\CodeIgniter->run()
#8 {main}

Next CodeIgniter\Database\Exceptions\DatabaseException: Unknown database 'database' in C:\xampp\htdocs\project-root\system\Database\MySQLi\Connection.php:229
Stack trace:
#0 C:\xampp\htdocs\project-root\system\Database\BaseConnection.php(392): CodeIgniter\Database\MySQLi\Connection->connect(false)
#1 C:\xampp\htdocs\project-root\system\Database\BaseConnection.php(575): CodeIgniter\Database\BaseConnection->initialize()
#2 C:\xampp\htdocs\project-root\app\Controllers\read_forms.php(16): CodeIgniter\Database\BaseConnection->query('SELECT * FROM l...')
#3 C:\xampp\htdocs\project-root\system\CodeIgniter.php(941): App\Controllers\read_forms->read_admin()
#4 C:\xampp\htdocs\project-root\system\CodeIgniter.php(502): CodeIgniter\CodeIgniter->runController(Object(App\Controllers\read_forms))
#5 C:\xampp\htdocs\project-root\system\CodeIgniter.php(361): CodeIgniter\CodeIgniter->handleRequest(NULL, Object(Config\Cache), false)
#6 C:\xampp\htdocs\project-root\public\index.php(79): CodeIgniter\CodeIgniter->run()
#7 {main}
CRITICAL - 2024-03-03 18:21:29 --> CodeIgniter\Database\Exceptions\DatabaseException: Unable to connect to the database.
Main connection [MySQLi]: Unknown database 'database'
in SYSTEMPATH\Database\BaseConnection.php on line 428.
 1 SYSTEMPATH\Database\BaseConnection.php(575): CodeIgniter\Database\BaseConnection->initialize()
 2 APPPATH\Controllers\read_forms.php(16): CodeIgniter\Database\BaseConnection->query('SELECT * FROM library.admins')
 3 SYSTEMPATH\CodeIgniter.php(941): App\Controllers\read_forms->read_admin()
 4 SYSTEMPATH\CodeIgniter.php(502): CodeIgniter\CodeIgniter->runController(Object(App\Controllers\read_forms))
 5 SYSTEMPATH\CodeIgniter.php(361): CodeIgniter\CodeIgniter->handleRequest(null, Object(Config\Cache), false)
 6 FCPATH\index.php(79): CodeIgniter\CodeIgniter->run()
ERROR - 2024-03-03 18:26:10 --> Error connecting to the database: mysqli_sql_exception: Unknown database 'database' in C:\xampp\htdocs\project-root\system\Database\MySQLi\Connection.php:184
Stack trace:
#0 C:\xampp\htdocs\project-root\system\Database\MySQLi\Connection.php(184): mysqli->real_connect('localhost', 'root', Object(SensitiveParameterValue), 'database', '3306', '', 0)
#1 C:\xampp\htdocs\project-root\system\Database\BaseConnection.php(392): CodeIgniter\Database\MySQLi\Connection->connect(false)
#2 C:\xampp\htdocs\project-root\system\Database\BaseConnection.php(575): CodeIgniter\Database\BaseConnection->initialize()
#3 C:\xampp\htdocs\project-root\app\Controllers\read_forms.php(16): CodeIgniter\Database\BaseConnection->query('SELECT * FROM a...')
#4 C:\xampp\htdocs\project-root\system\CodeIgniter.php(941): App\Controllers\read_forms->read_admin()
#5 C:\xampp\htdocs\project-root\system\CodeIgniter.php(502): CodeIgniter\CodeIgniter->runController(Object(App\Controllers\read_forms))
#6 C:\xampp\htdocs\project-root\system\CodeIgniter.php(361): CodeIgniter\CodeIgniter->handleRequest(NULL, Object(Config\Cache), false)
#7 C:\xampp\htdocs\project-root\public\index.php(79): CodeIgniter\CodeIgniter->run()
#8 {main}

Next CodeIgniter\Database\Exceptions\DatabaseException: Unknown database 'database' in C:\xampp\htdocs\project-root\system\Database\MySQLi\Connection.php:229
Stack trace:
#0 C:\xampp\htdocs\project-root\system\Database\BaseConnection.php(392): CodeIgniter\Database\MySQLi\Connection->connect(false)
#1 C:\xampp\htdocs\project-root\system\Database\BaseConnection.php(575): CodeIgniter\Database\BaseConnection->initialize()
#2 C:\xampp\htdocs\project-root\app\Controllers\read_forms.php(16): CodeIgniter\Database\BaseConnection->query('SELECT * FROM a...')
#3 C:\xampp\htdocs\project-root\system\CodeIgniter.php(941): App\Controllers\read_forms->read_admin()
#4 C:\xampp\htdocs\project-root\system\CodeIgniter.php(502): CodeIgniter\CodeIgniter->runController(Object(App\Controllers\read_forms))
#5 C:\xampp\htdocs\project-root\system\CodeIgniter.php(361): CodeIgniter\CodeIgniter->handleRequest(NULL, Object(Config\Cache), false)
#6 C:\xampp\htdocs\project-root\public\index.php(79): CodeIgniter\CodeIgniter->run()
#7 {main}
CRITICAL - 2024-03-03 18:26:10 --> CodeIgniter\Database\Exceptions\DatabaseException: Unable to connect to the database.
Main connection [MySQLi]: Unknown database 'database'
in SYSTEMPATH\Database\BaseConnection.php on line 428.
 1 SYSTEMPATH\Database\BaseConnection.php(575): CodeIgniter\Database\BaseConnection->initialize()
 2 APPPATH\Controllers\read_forms.php(16): CodeIgniter\Database\BaseConnection->query('SELECT * FROM admins')
 3 SYSTEMPATH\CodeIgniter.php(941): App\Controllers\read_forms->read_admin()
 4 SYSTEMPATH\CodeIgniter.php(502): CodeIgniter\CodeIgniter->runController(Object(App\Controllers\read_forms))
 5 SYSTEMPATH\CodeIgniter.php(361): CodeIgniter\CodeIgniter->handleRequest(null, Object(Config\Cache), false)
 6 FCPATH\index.php(79): CodeIgniter\CodeIgniter->run()
CRITICAL - 2024-03-03 18:49:46 --> CodeIgniter\HTTP\Exceptions\HTTPException: The route for "localhost" cannot be found.
in SYSTEMPATH\HTTP\RedirectResponse.php on line 62.
 1 SYSTEMPATH\HTTP\RedirectResponse.php(62): CodeIgniter\HTTP\Exceptions\HTTPException::forInvalidRedirectRoute('localhost')
 2 SYSTEMPATH\Common.php(864): CodeIgniter\HTTP\RedirectResponse->route(false)
 3 APPPATH\Controllers\read_forms.php(22): redirect('localhost')
 4 SYSTEMPATH\CodeIgniter.php(941): App\Controllers\read_forms->read_admin()
 5 SYSTEMPATH\CodeIgniter.php(502): CodeIgniter\CodeIgniter->runController(Object(App\Controllers\read_forms))
 6 SYSTEMPATH\CodeIgniter.php(361): CodeIgniter\CodeIgniter->handleRequest(null, Object(Config\Cache), false)
 7 FCPATH\index.php(79): CodeIgniter\CodeIgniter->run()
CRITICAL - 2024-03-03 18:52:35 --> CodeIgniter\HTTP\Exceptions\HTTPException: The route for "http://localhost:8080/project-root/public/" cannot be found.
in SYSTEMPATH\HTTP\RedirectResponse.php on line 62.
 1 SYSTEMPATH\HTTP\RedirectResponse.php(62): CodeIgniter\HTTP\Exceptions\HTTPException::forInvalidRedirectRoute('http://localhost:8080/project-root/public/')
 2 APPPATH\Controllers\read_forms.php(22): CodeIgniter\HTTP\RedirectResponse->route(false)
 3 SYSTEMPATH\CodeIgniter.php(941): App\Controllers\read_forms->read_admin()
 4 SYSTEMPATH\CodeIgniter.php(502): CodeIgniter\CodeIgniter->runController(Object(App\Controllers\read_forms))
 5 SYSTEMPATH\CodeIgniter.php(361): CodeIgniter\CodeIgniter->handleRequest(null, Object(Config\Cache), false)
 6 FCPATH\index.php(79): CodeIgniter\CodeIgniter->run()
INFO - 2024-03-03 18:57:37 --> Session: Class initialized using 'CodeIgniter\Session\Handlers\FileHandler' driver.
INFO - 2024-03-03 18:59:58 --> Session: Class initialized using 'CodeIgniter\Session\Handlers\FileHandler' driver.
INFO - 2024-03-03 19:01:28 --> Session: Class initialized using 'CodeIgniter\Session\Handlers\FileHandler' driver.
CRITICAL - 2024-03-03 19:01:42 --> CodeIgniter\HTTP\Exceptions\HTTPException: The route for "http://localhost:8080/project-root/public/AdminHome" cannot be found.
in SYSTEMPATH\HTTP\RedirectResponse.php on line 62.
 1 SYSTEMPATH\HTTP\RedirectResponse.php(62): CodeIgniter\HTTP\Exceptions\HTTPException::forInvalidRedirectRoute('http://localhost:8080/project-root/public/AdminHome')
 2 APPPATH\Controllers\read_forms.php(19): CodeIgniter\HTTP\RedirectResponse->route(false)
 3 SYSTEMPATH\CodeIgniter.php(941): App\Controllers\read_forms->read_admin()
 4 SYSTEMPATH\CodeIgniter.php(502): CodeIgniter\CodeIgniter->runController(Object(App\Controllers\read_forms))
 5 SYSTEMPATH\CodeIgniter.php(361): CodeIgniter\CodeIgniter->handleRequest(null, Object(Config\Cache), false)
 6 FCPATH\index.php(79): CodeIgniter\CodeIgniter->run()
CRITICAL - 2024-03-03 19:02:09 --> CodeIgniter\HTTP\Exceptions\HTTPException: The route for "http://localhost:8080/project-root/public/index.php/AdminHome" cannot be found.
in SYSTEMPATH\HTTP\RedirectResponse.php on line 62.
 1 SYSTEMPATH\HTTP\RedirectResponse.php(62): CodeIgniter\HTTP\Exceptions\HTTPException::forInvalidRedirectRoute('http://localhost:8080/project-root/public/index.php/AdminHome')
 2 APPPATH\Controllers\read_forms.php(19): CodeIgniter\HTTP\RedirectResponse->route(false)
 3 SYSTEMPATH\CodeIgniter.php(941): App\Controllers\read_forms->read_admin()
 4 SYSTEMPATH\CodeIgniter.php(502): CodeIgniter\CodeIgniter->runController(Object(App\Controllers\read_forms))
 5 SYSTEMPATH\CodeIgniter.php(361): CodeIgniter\CodeIgniter->handleRequest(null, Object(Config\Cache), false)
 6 FCPATH\index.php(79): CodeIgniter\CodeIgniter->run()
CRITICAL - 2024-03-03 19:05:50 --> Error: Object of class CodeIgniter\HTTP\RedirectResponse could not be converted to string
in APPPATH\Controllers\read_forms.php on line 19.
 1 SYSTEMPATH\CodeIgniter.php(941): App\Controllers\read_forms->read_admin()
 2 SYSTEMPATH\CodeIgniter.php(502): CodeIgniter\CodeIgniter->runController(Object(App\Controllers\read_forms))
 3 SYSTEMPATH\CodeIgniter.php(361): CodeIgniter\CodeIgniter->handleRequest(null, Object(Config\Cache), false)
 4 FCPATH\index.php(79): CodeIgniter\CodeIgniter->run()
CRITICAL - 2024-03-03 19:14:42 --> CodeIgniter\HTTP\Exceptions\HTTPException: The route for "AdminHome" cannot be found.
in SYSTEMPATH\HTTP\RedirectResponse.php on line 62.
 1 SYSTEMPATH\HTTP\RedirectResponse.php(62): CodeIgniter\HTTP\Exceptions\HTTPException::forInvalidRedirectRoute('AdminHome')
 2 SYSTEMPATH\Common.php(864): CodeIgniter\HTTP\RedirectResponse->route(false)
 3 APPPATH\Controllers\read_forms.php(19): redirect('AdminHome')
 4 SYSTEMPATH\CodeIgniter.php(941): App\Controllers\read_forms->read_admin()
 5 SYSTEMPATH\CodeIgniter.php(502): CodeIgniter\CodeIgniter->runController(Object(App\Controllers\read_forms))
 6 SYSTEMPATH\CodeIgniter.php(361): CodeIgniter\CodeIgniter->handleRequest(null, Object(Config\Cache), false)
 7 FCPATH\index.php(79): CodeIgniter\CodeIgniter->run()
CRITICAL - 2024-03-03 19:16:15 --> ParseError: syntax error, unexpected token "}", expecting ";"
in APPPATH\Controllers\read_forms.php on line 20.
 1 SYSTEMPATH\Autoloader\Autoloader.php(290): CodeIgniter\Autoloader\Autoloader->includeFile('C:\\xampp\\htdocs\\project-root\\app\\Controllers\\read_forms.php')
 2 SYSTEMPATH\Autoloader\Autoloader.php(266): CodeIgniter\Autoloader\Autoloader->loadInNamespace('App\\Controllers\\read_forms')
 3 [internal function]: CodeIgniter\Autoloader\Autoloader->loadClass('App\\Controllers\\read_forms')
 4 SYSTEMPATH\CodeIgniter.php(899): class_exists('\\App\\Controllers\\read_forms', true)
 5 SYSTEMPATH\CodeIgniter.php(489): CodeIgniter\CodeIgniter->startController()
 6 SYSTEMPATH\CodeIgniter.php(361): CodeIgniter\CodeIgniter->handleRequest(null, Object(Config\Cache), false)
 7 FCPATH\index.php(79): CodeIgniter\CodeIgniter->run()
